\BOOKMARK [0][-]{chapter*.2}{}{}% 1
\BOOKMARK [0][-]{chapter*.3}{}{}% 2
\BOOKMARK [0][-]{chapter*.4}{}{}% 3
\BOOKMARK [0][-]{chapter*.5}{}{}% 4
\BOOKMARK [0][-]{chapter*.6}{}{}% 5
\BOOKMARK [0][-]{chapter.1}{Introduction}{}% 6
\BOOKMARK [0][-]{chapter.2}{Hardware Environment}{}% 7
\BOOKMARK [1][-]{section.2.1}{Microcontroller}{chapter.2}% 8
\BOOKMARK [2][-]{subsection.2.1.1}{Organization of a Microcontroller}{section.2.1}% 9
\BOOKMARK [2][-]{subsection.2.1.2}{Microcontroller Peripherals}{section.2.1}% 10
\BOOKMARK [1][-]{section.2.2}{Open Source Hardware \(OSHW\)}{chapter.2}% 11
\BOOKMARK [1][-]{section.2.3}{Arduino}{chapter.2}% 12
\BOOKMARK [2][-]{subsection.2.3.1}{Brief History}{section.2.3}% 13
\BOOKMARK [2][-]{subsection.2.3.2}{Arduino Uno Board}{section.2.3}% 14
\BOOKMARK [2][-]{subsection.2.3.3}{Popular Arduino Projects}{section.2.3}% 15
\BOOKMARK [1][-]{section.2.4}{Shield}{chapter.2}% 16
\BOOKMARK [1][-]{section.2.5}{Experimental Test Bed}{chapter.2}% 17
\BOOKMARK [0][-]{chapter.3}{Communication between Software and Arduino}{}% 18
\BOOKMARK [1][-]{section.3.1}{Arduino IDE}{chapter.3}% 19
\BOOKMARK [2][-]{subsection.3.1.1}{Downloading and installing on Windows}{section.3.1}% 20
\BOOKMARK [2][-]{subsection.3.1.2}{Downloading and installing on GNU/Linux Ubuntu}{section.3.1}% 21
\BOOKMARK [2][-]{subsection.3.1.3}{Arduino Development Environment}{section.3.1}% 22
\BOOKMARK [2][-]{subsection.3.1.4}{Testing Arduino with a sample program}{section.3.1}% 23
\BOOKMARK [2][-]{subsection.3.1.5}{FLOSS Firmware}{section.3.1}% 24
\BOOKMARK [1][-]{section.3.2}{Scilab}{chapter.3}% 25
\BOOKMARK [2][-]{subsection.3.2.1}{Downloading and installing on Windows}{section.3.2}% 26
\BOOKMARK [2][-]{subsection.3.2.2}{Downloading and installing on GNU/Linux Ubuntu}{section.3.2}% 27
\BOOKMARK [2][-]{subsection.3.2.3}{Scilab-Arduino toolbox}{section.3.2}% 28
\BOOKMARK [2][-]{subsection.3.2.4}{Identifying Arduino communication port number}{section.3.2}% 29
\BOOKMARK [2][-]{subsection.3.2.5}{Testing Scilab-Arduino toolbox}{section.3.2}% 30
\BOOKMARK [2][-]{subsection.3.2.6}{Firmware}{section.3.2}% 31
\BOOKMARK [1][-]{section.3.3}{Xcos}{chapter.3}% 32
\BOOKMARK [2][-]{subsection.3.3.1}{Downloading, installing and testing}{section.3.3}% 33
\BOOKMARK [2][-]{subsection.3.3.2}{Use case}{section.3.3}% 34
\BOOKMARK [2][-]{subsection.3.3.3}{Xcos-Arduino}{section.3.3}% 35
\BOOKMARK [0][-]{chapter.4}{Interfacing a Light Emitting Diode}{}% 36
\BOOKMARK [1][-]{section.4.1}{Preliminaries}{chapter.4}% 37
\BOOKMARK [1][-]{section.4.2}{Connecting an RGB LED with Arduino Uno using a breadboard}{chapter.4}% 38
\BOOKMARK [1][-]{section.4.3}{Lighting the LED from the Arduino IDE}{chapter.4}% 39
\BOOKMARK [2][-]{subsection.4.3.1}{Lighting the LED}{section.4.3}% 40
\BOOKMARK [2][-]{subsection.4.3.2}{Arduino Code}{section.4.3}% 41
\BOOKMARK [1][-]{section.4.4}{Lighting the LED from Scilab}{chapter.4}% 42
\BOOKMARK [2][-]{subsection.4.4.1}{Lighting the LED}{section.4.4}% 43
\BOOKMARK [2][-]{subsection.4.4.2}{Scilab Code}{section.4.4}% 44
\BOOKMARK [1][-]{section.4.5}{Lighting the LED from Scilab Xcos}{chapter.4}% 45
\BOOKMARK [0][-]{chapter.5}{Interfacing a Pushbutton}{}% 46
\BOOKMARK [1][-]{section.5.1}{Preliminaries}{chapter.5}% 47
\BOOKMARK [1][-]{section.5.2}{Connecting a pushbutton with Arduino Uno using a breadboard}{chapter.5}% 48
\BOOKMARK [1][-]{section.5.3}{Reading the pushbutton status from the Arduino IDE}{chapter.5}% 49
\BOOKMARK [2][-]{subsection.5.3.1}{Reading the pushbutton status}{section.5.3}% 50
\BOOKMARK [2][-]{subsection.5.3.2}{Arduino Code}{section.5.3}% 51
\BOOKMARK [1][-]{section.5.4}{Reading the pushbutton Status from Scilab}{chapter.5}% 52
\BOOKMARK [2][-]{subsection.5.4.1}{Reading the pushbutton Status}{section.5.4}% 53
\BOOKMARK [2][-]{subsection.5.4.2}{Scilab Code}{section.5.4}% 54
\BOOKMARK [1][-]{section.5.5}{Accessing the pushbutton from Xcos}{chapter.5}% 55
\BOOKMARK [0][-]{chapter.6}{Interfacing a Light Dependent Resistor}{}% 56
\BOOKMARK [1][-]{section.6.1}{Preliminaries}{chapter.6}% 57
\BOOKMARK [1][-]{section.6.2}{Connecting an LDR with Arduino Uno using a breadboard}{chapter.6}% 58
\BOOKMARK [1][-]{section.6.3}{Interfacing the LDR through the Arduino IDE}{chapter.6}% 59
\BOOKMARK [2][-]{subsection.6.3.1}{Interfacing the LDR}{section.6.3}% 60
\BOOKMARK [2][-]{subsection.6.3.2}{Arduino Code}{section.6.3}% 61
\BOOKMARK [1][-]{section.6.4}{Interfacing the LDR through Scilab}{chapter.6}% 62
\BOOKMARK [2][-]{subsection.6.4.1}{Interfacing the LDR}{section.6.4}% 63
\BOOKMARK [2][-]{subsection.6.4.2}{Scilab Code}{section.6.4}% 64
\BOOKMARK [1][-]{section.6.5}{Interfacing the LDR through Xcos}{chapter.6}% 65
\BOOKMARK [0][-]{chapter.7}{Interfacing a Potentiometer}{}% 66
\BOOKMARK [1][-]{section.7.1}{Preliminaries}{chapter.7}% 67
\BOOKMARK [1][-]{section.7.2}{Connecting a potentiometer with Arduino Uno using a breadboard}{chapter.7}% 68
\BOOKMARK [1][-]{section.7.3}{Reading the potentiometer from the Arduino IDE}{chapter.7}% 69
\BOOKMARK [2][-]{subsection.7.3.1}{Reading the potentiometer}{section.7.3}% 70
\BOOKMARK [2][-]{subsection.7.3.2}{Arduino Code}{section.7.3}% 71
\BOOKMARK [1][-]{section.7.4}{Reading the potentiometer from Scilab}{chapter.7}% 72
\BOOKMARK [2][-]{subsection.7.4.1}{Reading the potentiometer}{section.7.4}% 73
\BOOKMARK [2][-]{subsection.7.4.2}{Scilab Code}{section.7.4}% 74
\BOOKMARK [1][-]{section.7.5}{Reading the potentiometer from Xcos}{chapter.7}% 75
\BOOKMARK [0][-]{chapter.8}{Interfacing a Thermistor}{}% 76
\BOOKMARK [1][-]{section.8.1}{Preliminaries}{chapter.8}% 77
\BOOKMARK [1][-]{section.8.2}{Connecting a thermistor with Arduino Uno using a breadboard}{chapter.8}% 78
\BOOKMARK [1][-]{section.8.3}{Interfacing the thermistor from the Arduino IDE}{chapter.8}% 79
\BOOKMARK [2][-]{subsection.8.3.1}{Interfacing the thermistor}{section.8.3}% 80
\BOOKMARK [2][-]{subsection.8.3.2}{Arduino Code}{section.8.3}% 81
\BOOKMARK [1][-]{section.8.4}{Interfacing the thermistor from Scilab}{chapter.8}% 82
\BOOKMARK [2][-]{subsection.8.4.1}{Interfacing the thermistor}{section.8.4}% 83
\BOOKMARK [2][-]{subsection.8.4.2}{Scilab Code}{section.8.4}% 84
\BOOKMARK [1][-]{section.8.5}{Interfacing the thermistor from Xcos}{chapter.8}% 85
\BOOKMARK [0][-]{chapter.9}{Interfacing a Servomotor}{}% 86
\BOOKMARK [1][-]{section.9.1}{Preliminaries}{chapter.9}% 87
\BOOKMARK [1][-]{section.9.2}{Connecting a servomotor with Arduino Uno using a breadboard}{chapter.9}% 88
\BOOKMARK [1][-]{section.9.3}{Controlling the servomotor through the Arduino IDE}{chapter.9}% 89
\BOOKMARK [2][-]{subsection.9.3.1}{Controlling the servomotor}{section.9.3}% 90
\BOOKMARK [2][-]{subsection.9.3.2}{Arduino Code}{section.9.3}% 91
\BOOKMARK [1][-]{section.9.4}{Controlling the servomotor through Scilab}{chapter.9}% 92
\BOOKMARK [2][-]{subsection.9.4.1}{Controlling the servomotor}{section.9.4}% 93
\BOOKMARK [2][-]{subsection.9.4.2}{Scilab Code}{section.9.4}% 94
\BOOKMARK [1][-]{section.9.5}{Controling the servomotor through Xcos}{chapter.9}% 95
\BOOKMARK [0][-]{chapter.10}{Interfacing a DC Motor}{}% 96
\BOOKMARK [1][-]{section.10.1}{Preliminaries}{chapter.10}% 97
\BOOKMARK [1][-]{section.10.2}{Controlling the DC motor from Arduino}{chapter.10}% 98
\BOOKMARK [2][-]{subsection.10.2.1}{Controlling the DC motor}{section.10.2}% 99
\BOOKMARK [2][-]{subsection.10.2.2}{Arduino Code}{section.10.2}% 100
\BOOKMARK [1][-]{section.10.3}{Controlling the DC motor from Scilab}{chapter.10}% 101
\BOOKMARK [2][-]{subsection.10.3.1}{Controlling the DC motor}{section.10.3}% 102
\BOOKMARK [2][-]{subsection.10.3.2}{Scilab Code}{section.10.3}% 103
\BOOKMARK [1][-]{section.10.4}{Controlling the DC motor from Xcos}{chapter.10}% 104
\BOOKMARK [0][-]{chapter.11}{Implementation of Modbus Protocol}{}% 105
\BOOKMARK [1][-]{section.11.1}{Preliminaries}{chapter.11}% 106
\BOOKMARK [2][-]{subsection.11.1.1}{Energy meter}{section.11.1}% 107
\BOOKMARK [2][-]{subsection.11.1.2}{Endianness}{section.11.1}% 108
\BOOKMARK [1][-]{section.11.2}{Setup for the experiment}{chapter.11}% 109
\BOOKMARK [1][-]{section.11.3}{Manifestation of Modbus protocol through Scilab}{chapter.11}% 110
\BOOKMARK [2][-]{subsection.11.3.1}{Software for the experiment}{section.11.3}% 111
\BOOKMARK [1][-]{section.11.4}{Reading the electrical parameters from Scilab}{chapter.11}% 112
\BOOKMARK [2][-]{subsection.11.4.1}{Reading the electrical parameters}{section.11.4}% 113
\BOOKMARK [2][-]{subsection.11.4.2}{Arduino Firmware}{section.11.4}% 114
\BOOKMARK [2][-]{subsection.11.4.3}{Scilab Code}{section.11.4}% 115
\BOOKMARK [2][-]{subsection.11.4.4}{Output in the Scilab Console}{section.11.4}% 116
\BOOKMARK [1][-]{section.11.5}{Reading the electrical parameters from Xcos}{chapter.11}% 117
\BOOKMARK [0][-]{chapter*.147}{}{}% 118
