This is pdfTeX, Version 3.14159265-2.6-1.40.18 (TeX Live 2017) (preloaded format=pdflatex 2017.8.1)  22 MAY 2021 12:01
entering extended mode
 restricted \write18 enabled.
 %&-line parsing enabled.
**floss-arduino.tex
(./floss-arduino.tex
LaTeX2e <2017-04-15>
Babel <3.10> and hyphenation patterns for 84 language(s) loaded.
(/usr/local/texlive/2017/texmf-dist/tex/latex/base/book.cls
Document Class: book 2014/09/29 v1.4h Standard LaTeX document class
(/usr/local/texlive/2017/texmf-dist/tex/latex/base/bk11.clo
File: bk11.clo 2014/09/29 v1.4h Standard LaTeX file (size option)
)
\c@part=\count79
\c@chapter=\count80
\c@section=\count81
\c@subsection=\count82
\c@subsubsection=\count83
\c@paragraph=\count84
\c@subparagraph=\count85
\c@figure=\count86
\c@table=\count87
\abovecaptionskip=\skip41
\belowcaptionskip=\skip42
\bibindent=\dimen102
)
(/usr/local/texlive/2017/texmf-dist/tex/latex/graphics/color.sty
Package: color 2016/07/10 v1.1e Standard LaTeX Color (DPC)

(/usr/local/texlive/2017/texmf-dist/tex/latex/graphics-cfg/color.cfg
File: color.cfg 2016/01/02 v1.6 sample color configuration
)
Package color Info: Driver file: pdftex.def on input line 147.

(/usr/local/texlive/2017/texmf-dist/tex/latex/graphics-def/pdftex.def
File: pdftex.def 2017/01/12 v0.06k Graphics/color for pdfTeX

(/usr/local/texlive/2017/texmf-dist/tex/generic/oberdiek/infwarerr.sty
Package: infwarerr 2016/05/16 v1.4 Providing info/warning/error messages (HO)
)
(/usr/local/texlive/2017/texmf-dist/tex/generic/oberdiek/ltxcmds.sty
Package: ltxcmds 2016/05/16 v1.23 LaTeX kernel commands for general use (HO)
)
\Gread@gobject=\count88
))
(/usr/local/texlive/2017/texmf-dist/tex/latex/layouts/layouts.sty
Package: layouts 2009/09/02 v2.6d graphical depiction of document elements
\l@ylen=\skip43
\layoutsbox=\box26
\l@youtunitlength=\skip44
\l@youtlinethick=\skip45
\l@youtlinethickii=\skip46
\l@ysetupparskip=\skip47
\l@ysetupbaselineskip=\skip48
\l@yonem=\skip49
\l@yonex=\skip50
\l@ylmarg=\skip51
\l@yrmarg=\skip52
\l@yitmindent=\skip53
\l@ylblwidth=\skip54
\l@ylblsep=\skip55
\l@ylparindent=\skip56
\l@ytsep=\skip57
\l@ypskip=\skip58
\l@yptsep=\skip59
\l@ypsep=\skip60
\l@yitmsep=\skip61
\l@ytok=\toks14
\l@youtpw=\count89
\l@youtph=\count90
\l@youthpi=\count91
\l@youthpii=\count92
\l@youthpiii=\count93
\l@youthpiv=\count94
\l@youthpv=\count95
\l@youthpvi=\count96
\l@youthpvii=\count97
\l@youtparskip=\count98
\l@youtvpi=\count99
\l@youtvpii=\count100
\l@youtvpiii=\count101
\l@youtvpiv=\count102
\l@youtvpv=\count103
\l@youtvpvi=\count104
\l@youtvpvii=\count105
\l@youthdo=\count106
\l@youthdi=\count107
\l@youthdii=\count108
\l@youthdiii=\count109
\l@youthdiv=\count110
\l@youthdv=\count111
\l@youthdvi=\count112
\l@youthdvii=\count113
\l@youtvdo=\count114
\l@youtvdi=\count115
\l@youtvdii=\count116
\l@youtvdiii=\count117
\l@youtvdiv=\count118
\l@youtvdv=\count119
\l@youtvdvi=\count120
\l@youtvdvii=\count121
\l@youtvdviii=\count122
\l@youtxci=\count123
\l@youtxcii=\count124
\l@youtxciii=\count125
\l@youtxciv=\count126
\l@youtxcv=\count127
\l@youtxcvi=\count128
\l@youtyci=\count129
\l@youtycii=\count130
\l@youtyciii=\count131
\l@youtyciv=\count132
\l@youtycv=\count133
\l@youtycvi=\count134
\l@youtycvii=\count135
\l@youtycviii=\count136
\l@youtxco=\count137
\l@youtyco=\count138
\l@ytempdima=\skip62
\stockwidth=\skip63
\stockheight=\skip64
\trimedge=\skip65
\trimtop=\skip66
\uppermargin=\skip67
\spinemargin=\skip68
)
(/Users/kannan/Library/texmf/tex/latex/cclicenses/cclicenses.sty
Package: cclicenses 2005/05/20 v0.4 CC licenses typesetting

(/usr/local/texlive/2017/texmf-dist/tex/latex/graphics/rotating.sty
Package: rotating 2016/08/11 v2.16d rotated objects in LaTeX

(/usr/local/texlive/2017/texmf-dist/tex/latex/graphics/graphicx.sty
Package: graphicx 2014/10/28 v1.0g Enhanced LaTeX Graphics (DPC,SPQR)

(/usr/local/texlive/2017/texmf-dist/tex/latex/graphics/keyval.sty
Package: keyval 2014/10/28 v1.15 key=value parser (DPC)
\KV@toks@=\toks15
)
(/usr/local/texlive/2017/texmf-dist/tex/latex/graphics/graphics.sty
Package: graphics 2017/04/14 v1.1b Standard LaTeX Graphics (DPC,SPQR)

(/usr/local/texlive/2017/texmf-dist/tex/latex/graphics/trig.sty
Package: trig 2016/01/03 v1.10 sin cos tan (DPC)
)
(/usr/local/texlive/2017/texmf-dist/tex/latex/graphics-cfg/graphics.cfg
File: graphics.cfg 2016/06/04 v1.11 sample graphics configuration
)
Package graphics Info: Driver file: pdftex.def on input line 99.
)
\Gin@req@height=\dimen103
\Gin@req@width=\dimen104
)
(/Users/kannan/Library/texmf/tex/latex/ifthen/ifthen.sty
Package: ifthen 2001/05/26 v1.1c Standard LaTeX ifthen package (DPC)
)
\c@r@tfl@t=\count139
\rotFPtop=\skip69
\rotFPbot=\skip70
\rot@float@box=\box27
\rot@mess@toks=\toks16
)
\chardim=\dimen105
\hdim=\dimen106
\htmp=\dimen107
\hpos=\count140
\vpos=\count141
)
(/Users/kannan/Library/texmf/tex/latex/morefloats.sty
\bx@S=\insert199
\bx@T=\insert198
\bx@U=\insert197
\bx@V=\insert196
\bx@W=\insert195
\bx@X=\insert194
\bx@Y=\insert193
\bx@Z=\insert192
\bx@AA=\insert191
\bx@BB=\insert190
\bx@CC=\insert189
\bx@DD=\insert188
\bx@EE=\insert187
\bx@FF=\insert186
\bx@GG=\insert185
\bx@HH=\insert184
\bx@II=\insert183
\bx@JJ=\insert182
)
(/usr/local/texlive/2017/texmf-dist/tex/latex/paralist/paralist.sty
Package: paralist 2017/01/22 v2.7 Extended list environments
\pltopsep=\skip71
\plpartopsep=\skip72
\plitemsep=\skip73
\plparsep=\skip74
\pl@lab=\toks17
)
(/usr/local/texlive/2017/texmf-dist/tex/latex/chngcntr/chngcntr.sty
Package: chngcntr 2009/09/02 v1.0a change counter resetting
)
(/usr/local/texlive/2017/texmf-dist/tex/latex/fancyhdr/fancyhdr.sty
Package: fancyhdr 2016/09/06 3.8 Extensive control of page headers and footers
\fancy@headwidth=\skip75
\f@ncyO@elh=\skip76
\f@ncyO@erh=\skip77
\f@ncyO@olh=\skip78
\f@ncyO@orh=\skip79
\f@ncyO@elf=\skip80
\f@ncyO@erf=\skip81
\f@ncyO@olf=\skip82
\f@ncyO@orf=\skip83
)
(/usr/local/texlive/2017/texmf-dist/tex/latex/amsmath/amsmath.sty
Package: amsmath 2016/11/05 v2.16a AMS math features
\@mathmargin=\skip84

For additional information on amsmath, use the `?' option.
(/usr/local/texlive/2017/texmf-dist/tex/latex/amsmath/amstext.sty
Package: amstext 2000/06/29 v2.01 AMS text

(/usr/local/texlive/2017/texmf-dist/tex/latex/amsmath/amsgen.sty
File: amsgen.sty 1999/11/30 v2.0 generic functions
\@emptytoks=\toks18
\ex@=\dimen108
))
(/usr/local/texlive/2017/texmf-dist/tex/latex/amsmath/amsbsy.sty
Package: amsbsy 1999/11/29 v1.2d Bold Symbols
\pmbraise@=\dimen109
)
(/usr/local/texlive/2017/texmf-dist/tex/latex/amsmath/amsopn.sty
Package: amsopn 2016/03/08 v2.02 operator names
)
\inf@bad=\count142
LaTeX Info: Redefining \frac on input line 213.
\uproot@=\count143
\leftroot@=\count144
LaTeX Info: Redefining \overline on input line 375.
\classnum@=\count145
\DOTSCASE@=\count146
LaTeX Info: Redefining \ldots on input line 472.
LaTeX Info: Redefining \dots on input line 475.
LaTeX Info: Redefining \cdots on input line 596.
\Mathstrutbox@=\box28
\strutbox@=\box29
\big@size=\dimen110
LaTeX Font Info:    Redeclaring font encoding OML on input line 712.
LaTeX Font Info:    Redeclaring font encoding OMS on input line 713.
\macc@depth=\count147
\c@MaxMatrixCols=\count148
\dotsspace@=\muskip10
\c@parentequation=\count149
\dspbrk@lvl=\count150
\tag@help=\toks19
\row@=\count151
\column@=\count152
\maxfields@=\count153
\andhelp@=\toks20
\eqnshift@=\dimen111
\alignsep@=\dimen112
\tagshift@=\dimen113
\tagwidth@=\dimen114
\totwidth@=\dimen115
\lineht@=\dimen116
\@envbody=\toks21
\multlinegap=\skip85
\multlinetaggap=\skip86
\mathdisplay@stack=\toks22
LaTeX Info: Redefining \[ on input line 2817.
LaTeX Info: Redefining \] on input line 2818.
)
(/usr/local/texlive/2017/texmf-dist/tex/latex/base/makeidx.sty
Package: makeidx 2014/09/29 v1.0m Standard LaTeX package
)
(/usr/local/texlive/2017/texmf-dist/tex/latex/fancybox/fancybox.sty
Package: fancybox 2010/05/15 1.4

Style option: `fancybox' v1.4 <2010/05/15> (tvz)
\@fancybox=\box30
\shadowsize=\dimen117
\@Sbox=\box31
\do@VerbBox=\toks23
\the@fancyput=\toks24
\this@fancyput=\toks25
\EndVerbatimTokens=\toks26
\Verbatim@Outfile=\write3
\Verbatim@Infile=\read1
) (/usr/local/texlive/2017/texmf-dist/tex/latex/cite/cite.sty
LaTeX Info: Redefining \cite on input line 302.
LaTeX Info: Redefining \nocite on input line 332.
Package: cite 2015/02/27  v 5.5
)
(/usr/local/texlive/2017/texmf-dist/tex/latex/hyperref/hyperref.sty
Package: hyperref 2017/03/14 v6.85a Hypertext links for LaTeX

(/usr/local/texlive/2017/texmf-dist/tex/generic/oberdiek/hobsub-hyperref.sty
Package: hobsub-hyperref 2016/05/16 v1.14 Bundle oberdiek, subset hyperref (HO)


(/usr/local/texlive/2017/texmf-dist/tex/generic/oberdiek/hobsub-generic.sty
Package: hobsub-generic 2016/05/16 v1.14 Bundle oberdiek, subset generic (HO)
Package: hobsub 2016/05/16 v1.14 Construct package bundles (HO)
Package hobsub Info: Skipping package `infwarerr' (already loaded).
Package hobsub Info: Skipping package `ltxcmds' (already loaded).
Package: ifluatex 2016/05/16 v1.4 Provides the ifluatex switch (HO)
Package ifluatex Info: LuaTeX not detected.
Package: ifvtex 2016/05/16 v1.6 Detect VTeX and its facilities (HO)
Package ifvtex Info: VTeX not detected.
Package: intcalc 2016/05/16 v1.2 Expandable calculations with integers (HO)
Package: ifpdf 2017/03/15 v3.2 Provides the ifpdf switch
Package: etexcmds 2016/05/16 v1.6 Avoid name clashes with e-TeX commands (HO)
Package etexcmds Info: Could not find \expanded.
(etexcmds)             That can mean that you are not using pdfTeX 1.50 or
(etexcmds)             that some package has redefined \expanded.
(etexcmds)             In the latter case, load this package earlier.
Package: kvsetkeys 2016/05/16 v1.17 Key value parser (HO)
Package: kvdefinekeys 2016/05/16 v1.4 Define keys (HO)
Package: pdftexcmds 2017/03/19 v0.25 Utility functions of pdfTeX for LuaTeX (HO
)
Package pdftexcmds Info: LuaTeX not detected.
Package pdftexcmds Info: \pdf@primitive is available.
Package pdftexcmds Info: \pdf@ifprimitive is available.
Package pdftexcmds Info: \pdfdraftmode found.
Package: pdfescape 2016/05/16 v1.14 Implements pdfTeX's escape features (HO)
Package: bigintcalc 2016/05/16 v1.4 Expandable calculations on big integers (HO
)
Package: bitset 2016/05/16 v1.2 Handle bit-vector datatype (HO)
Package: uniquecounter 2016/05/16 v1.3 Provide unlimited unique counter (HO)
)
Package hobsub Info: Skipping package `hobsub' (already loaded).
Package: letltxmacro 2016/05/16 v1.5 Let assignment for LaTeX macros (HO)
Package: hopatch 2016/05/16 v1.3 Wrapper for package hooks (HO)
Package: xcolor-patch 2016/05/16 xcolor patch
Package: atveryend 2016/05/16 v1.9 Hooks at the very end of document (HO)
Package atveryend Info: \enddocument detected (standard20110627).
Package: atbegshi 2016/06/09 v1.18 At begin shipout hook (HO)
Package: refcount 2016/05/16 v3.5 Data extraction from label references (HO)
Package: hycolor 2016/05/16 v1.8 Color options for hyperref/bookmark (HO)
)
(/usr/local/texlive/2017/texmf-dist/tex/generic/ifxetex/ifxetex.sty
Package: ifxetex 2010/09/12 v0.6 Provides ifxetex conditional
)
(/usr/local/texlive/2017/texmf-dist/tex/latex/oberdiek/auxhook.sty
Package: auxhook 2016/05/16 v1.4 Hooks for auxiliary files (HO)
)
(/usr/local/texlive/2017/texmf-dist/tex/latex/oberdiek/kvoptions.sty
Package: kvoptions 2016/05/16 v3.12 Key value format for package options (HO)
)
\@linkdim=\dimen118
\Hy@linkcounter=\count154
\Hy@pagecounter=\count155

(/usr/local/texlive/2017/texmf-dist/tex/latex/hyperref/pd1enc.def
File: pd1enc.def 2017/03/14 v6.85a Hyperref: PDFDocEncoding definition (HO)
)
\Hy@SavedSpaceFactor=\count156

(/usr/local/texlive/2017/texmf-dist/tex/latex/latexconfig/hyperref.cfg
File: hyperref.cfg 2002/06/06 v1.2 hyperref configuration of TeXLive
)
Package hyperref Info: Hyper figures OFF on input line 4498.
Package hyperref Info: Link nesting OFF on input line 4503.
Package hyperref Info: Hyper index ON on input line 4506.
Package hyperref Info: Plain pages OFF on input line 4513.
Package hyperref Info: Backreferencing OFF on input line 4518.
Package hyperref Info: Implicit mode ON; LaTeX internals redefined.
Package hyperref Info: Bookmarks ON on input line 4751.
\c@Hy@tempcnt=\count157

(/usr/local/texlive/2017/texmf-dist/tex/latex/url/url.sty
\Urlmuskip=\muskip11
Package: url 2013/09/16  ver 3.4  Verb mode for urls, etc.
)
LaTeX Info: Redefining \url on input line 5104.
\XeTeXLinkMargin=\dimen119
\Fld@menulength=\count158
\Field@Width=\dimen120
\Fld@charsize=\dimen121
Package hyperref Info: Hyper figures OFF on input line 6358.
Package hyperref Info: Link nesting OFF on input line 6363.
Package hyperref Info: Hyper index ON on input line 6366.
Package hyperref Info: backreferencing OFF on input line 6373.
Package hyperref Info: Link coloring OFF on input line 6378.
Package hyperref Info: Link coloring with OCG OFF on input line 6383.
Package hyperref Info: PDF/A mode OFF on input line 6388.
LaTeX Info: Redefining \ref on input line 6428.
LaTeX Info: Redefining \pageref on input line 6432.
\Hy@abspage=\count159
\c@Item=\count160
\c@Hfootnote=\count161
)

Package hyperref Message: Driver (autodetected): hpdftex.

(/usr/local/texlive/2017/texmf-dist/tex/latex/hyperref/hpdftex.def
File: hpdftex.def 2017/03/14 v6.85a Hyperref driver for pdfTeX
\Fld@listcount=\count162
\c@bookmark@seq@number=\count163

(/usr/local/texlive/2017/texmf-dist/tex/latex/oberdiek/rerunfilecheck.sty
Package: rerunfilecheck 2016/05/16 v1.8 Rerun checks for auxiliary files (HO)
Package uniquecounter Info: New unique counter `rerunfilecheck' on input line 2
82.
)
\Hy@SectionHShift=\skip87
)
(/usr/local/texlive/2017/texmf-dist/tex/latex/subfig/subfig.sty
Package: subfig 2005/06/28 ver: 1.3 subfig package

(/usr/local/texlive/2017/texmf-dist/tex/latex/caption/caption.sty
Package: caption 2016/02/21 v3.3-144 Customizing captions (AR)

(/usr/local/texlive/2017/texmf-dist/tex/latex/caption/caption3.sty
Package: caption3 2016/05/22 v1.7-166 caption3 kernel (AR)
Package caption3 Info: TeX engine: e-TeX on input line 67.
\captionmargin=\dimen122
\captionmargin@=\dimen123
\captionwidth=\dimen124
\caption@tempdima=\dimen125
\caption@indent=\dimen126
\caption@parindent=\dimen127
\caption@hangindent=\dimen128
)
\c@ContinuedFloat=\count164
Package caption Info: hyperref package is loaded.
Package caption Info: rotating package is loaded.
)
\c@KVtest=\count165
\sf@farskip=\skip88
\sf@captopadj=\dimen129
\sf@capskip=\skip89
\sf@nearskip=\skip90
\c@subfigure=\count166
\c@subfigure@save=\count167
\c@lofdepth=\count168
\c@subtable=\count169
\c@subtable@save=\count170
\c@lotdepth=\count171
\sf@top=\skip91
\sf@bottom=\skip92
)
(/Users/kannan/Library/texmf/tex/latex/listings/listings.sty
Package: listings 2004/02/13 1.2 (Carsten Heinz)
\lst@mode=\count172
\lst@gtempboxa=\box32
\lst@token=\toks27
\lst@length=\count173
\lst@currlwidth=\dimen130
\lst@column=\count174
\lst@pos=\count175
\lst@lostspace=\dimen131
\lst@width=\dimen132
\lst@newlines=\count176
\lst@lineno=\count177
\c@lstlisting=\count178
\lst@maxwidth=\dimen133

(/Users/kannan/Library/texmf/tex/latex/listings/lstpatch.sty
File: lstpatch.sty 2004/02/18 1.2b (Carsten Heinz)
)
(/Users/kannan/Library/texmf/tex/latex/listings/lstmisc.sty
File: lstmisc.sty 2004/02/13 1.2 (Carsten Heinz)
\c@lstnumber=\count179
\lst@skipnumbers=\count180
\lst@framebox=\box33
)
(/Users/kannan/Library/texmf/tex/latex/listings/listings.cfg
File: listings.cfg 2004/02/13 1.2 listings configuration
))
(/Users/kannan/Library/texmf/tex/latex/listings/varioref/varioref.sty
Package: varioref 2004/02/27 v1.4i package for extended references (FMi)
\c@vrcnt=\count181
)
(/usr/local/texlive/2017/texmf-dist/tex/latex/base/fontenc.sty
Package: fontenc 2017/04/05 v2.0i Standard LaTeX package

(/usr/local/texlive/2017/texmf-dist/tex/latex/base/t1enc.def
File: t1enc.def 2017/04/05 v2.0i Standard LaTeX file
LaTeX Font Info:    Redeclaring font encoding T1 on input line 48.
))
(/usr/local/texlive/2017/texmf-dist/tex/latex/bera/beramono.sty
Package: beramono 2004/01/31 (WaS)
)
(/usr/local/texlive/2017/texmf-dist/tex/latex/seqsplit/seqsplit.sty
Package: seqsplit 2006/08/07 v0.1 Splitting long sequences (DNA, RNA, proteins,
 etc.) 
)
(/Users/kannan/FOSS/scilab-arduino/floss-arduino-clone/suppl/styles.tex
(/usr/local/texlive/2017/texmf-dist/tex/latex/ntheorem/ntheorem.sty
Style `ntheorem', Version 1.33 <2011/08/15>
Package: ntheorem 2011/08/15 1.33
\theorem@style=\toks28
\theorem@@style=\toks29
\theorembodyfont=\toks30
\theoremnumbering=\toks31
\theorempreskipamount=\skip93
\theorempostskipamount=\skip94
\theoremframepreskipamount=\skip95
\theoremframepostskipamount=\skip96
\theoreminframepreskipamount=\skip97
\theoreminframepostskipamount=\skip98
\theorem@preskip=\toks32
\theorem@postskip=\toks33
\theorem@framepreskip=\toks34
\theorem@framepostskip=\toks35
\theorem@inframepreskip=\toks36
\theorem@inframepostskip=\toks37
\theoremindent=\dimen134
\theorem@indent=\dimen135
\theoremrightindent=\dimen136
\theorem@rightindent=\dimen137
\theoremheaderfont=\toks38
\theoremseparator=\toks39
\theoremprework=\toks40
\theorempostwork=\toks41
\theoremsymbol=\toks42
\qedsymbol=\toks43
\theoremkeyword=\toks44
\qedsymbol=\toks45
\thm@topsep=\skip99
\thm@topsepadd=\skip100
)
\c@codemass=\count266
\c@ardmass=\count267
\c@pymass=\count268
\c@juliamass=\count269
\c@OpenModelicamass=\count270
 (/Users/kannan/Library/texmf/tex/latex/listings/lstlang1.sty
File: lstlang1.sty 2004/02/13 1.2 listings language file
)
(/Users/kannan/Library/texmf/tex/latex/listings/lstlang1.sty
File: lstlang1.sty 2004/02/13 1.2 listings language file
)
(/Users/kannan/Library/texmf/tex/latex/listings/lstmisc.sty
File: lstmisc.sty 2004/02/13 1.2 (Carsten Heinz)
)
(/usr/local/texlive/2017/texmf-dist/tex/latex/tools/theorem.sty)
\c@egmass=\count271
)
\@indexfile=\write4
\openout4 = `floss-arduino.idx'.


Writing index file floss-arduino.idx
(./floss-arduino.aux

LaTeX Warning: Label `sec:led-OpenModelica-code' multiply defined.

)
\openout1 = `floss-arduino.aux'.

LaTeX Font Info:    Checking defaults for OML/cmm/m/it on input line 122.
LaTeX Font Info:    ... okay on input line 122.
LaTeX Font Info:    Checking defaults for T1/cmr/m/n on input line 122.
LaTeX Font Info:    ... okay on input line 122.
LaTeX Font Info:    Checking defaults for OT1/cmr/m/n on input line 122.
LaTeX Font Info:    ... okay on input line 122.
LaTeX Font Info:    Checking defaults for OMS/cmsy/m/n on input line 122.
LaTeX Font Info:    ... okay on input line 122.
LaTeX Font Info:    Checking defaults for OMX/cmex/m/n on input line 122.
LaTeX Font Info:    ... okay on input line 122.
LaTeX Font Info:    Checking defaults for U/cmr/m/n on input line 122.
LaTeX Font Info:    ... okay on input line 122.
LaTeX Font Info:    Checking defaults for PD1/pdf/m/n on input line 122.
LaTeX Font Info:    ... okay on input line 122.
 (/usr/local/texlive/2017/texmf-dist/tex/context/base/mkii/supp-pdf.mkii
[Loading MPS to PDF converter (version 2006.09.02).]
\scratchcounter=\count272
\scratchdimen=\dimen138
\scratchbox=\box34
\nofMPsegments=\count273
\nofMParguments=\count274
\everyMPshowfont=\toks46
\MPscratchCnt=\count275
\MPscratchDim=\dimen139
\MPnumerator=\count276
\makeMPintoPDFobject=\count277
\everyMPtoPDFconversion=\toks47
) (/usr/local/texlive/2017/texmf-dist/tex/latex/oberdiek/epstopdf-base.sty
Package: epstopdf-base 2016/05/15 v2.6 Base part for package epstopdf

(/usr/local/texlive/2017/texmf-dist/tex/latex/oberdiek/grfext.sty
Package: grfext 2016/05/16 v1.2 Manage graphics extensions (HO)
)
Package epstopdf-base Info: Redefining graphics rule for `.eps' on input line 4
38.
Package grfext Info: Graphics extension search list:
(grfext)             [.png,.pdf,.jpg,.mps,.jpeg,.jbig2,.jb2,.PNG,.PDF,.JPG,.JPE
G,.JBIG2,.JB2,.eps]
(grfext)             \AppendGraphicsExtensions on input line 456.

(/usr/local/texlive/2017/texmf-dist/tex/latex/latexconfig/epstopdf-sys.cfg
File: epstopdf-sys.cfg 2010/07/13 v1.3 Configuration of (r)epstopdf for TeX Liv
e
))

Package layouts Warning: Layout scale set to 0.5 on input line 122.

\AtBeginShipoutBox=\box35

Package hyperref Warning: Height of page (\stockheight) is invalid (0.0pt),
(hyperref)                using 11in.

Package hyperref Info: Link coloring OFF on input line 122.
(/usr/local/texlive/2017/texmf-dist/tex/latex/hyperref/nameref.sty
Package: nameref 2016/05/21 v2.44 Cross-referencing by name of section

(/usr/local/texlive/2017/texmf-dist/tex/generic/oberdiek/gettitlestring.sty
Package: gettitlestring 2016/05/16 v1.5 Cleanup title references (HO)
)
\c@section@level=\count278
LaTeX Info: Redefining \Ref on input line 515.
)
LaTeX Info: Redefining \ref on input line 122.
LaTeX Info: Redefining \pageref on input line 122.
LaTeX Info: Redefining \nameref on input line 122.

(./floss-arduino.out) (./floss-arduino.out)
\@outlinefile=\write5
\openout5 = `floss-arduino.out'.

LaTeX Info: Redefining \Ref on input line 122.
Package caption Info: Begin \AtBeginDocument code.
Package caption Info: subfig package v1.3 is loaded.
Package caption Info: listings package is loaded.
Package caption Info: End \AtBeginDocument code.
 (./floss-arduino.toc
Overfull \hbox (60.41727pt too wide) detected at line 1
\T1/cmr/bx/n/10.95 List of Figures 
 []


Overfull \hbox (54.91568pt too wide) detected at line 2
\T1/cmr/bx/n/10.95 List of Tables 
 []


Overfull \hbox (99.11014pt too wide) detected at line 3
\T1/cmr/bx/n/10.95 List of Arduino  Code 
 []


Overfull \hbox (130.26814pt too wide) detected at line 4
\T1/cmr/bx/n/10.95 List of OpenModelica Code 
 []


Overfull \hbox (74.6947pt too wide) detected at line 6
\T1/cmr/bx/n/10.95 List of Acronyms 
 []

[1



{/usr/local/texlive/2017/texmf-var/fonts/map/pdftex/updmap/pdftex.map}]
[2] [3]
Overfull \hbox (42.2769pt too wide) detected at line 117
\T1/cmr/bx/n/10.95 References 
 []

)
\tf@toc=\write6
\openout6 = `floss-arduino.toc'.

 [4] (./floss-arduino.lof [5

])
\tf@lof=\write7
\openout7 = `floss-arduino.lof'.

 [6] (./floss-arduino.lot)
\tf@lot=\write8
\openout8 = `floss-arduino.lot'.

 [7

] [8

]
(./floss-arduino.ard)
\tf@ard=\write9
\openout9 = `floss-arduino.ard'.

 [9] [10

] (./floss-arduino.OpenModelicad)
\tf@OpenModelicad=\write10
\openout10 = `floss-arduino.OpenModelicad'.

 (./suppl/acr.tex [11] [12])
Underfull \vbox (badness 10000) has occurred while \output is active []

 [13

]
[14] (./suppl/intro.tex
Chapter 1.

LaTeX Warning: Command \textregistered invalid in math mode on input line 22.


LaTeX Warning: Command \textcircled invalid in math mode on input line 22.

LaTeX Font Info:    Try loading font information for OMS+cmr on input line 22.
(/usr/local/texlive/2017/texmf-dist/tex/latex/base/omscmr.fd
File: omscmr.fd 2014/09/29 v2.5h Standard LaTeX font definitions
)
LaTeX Font Info:    Font shape `OMS/cmr/m/n' in size <10.95> not available
(Font)              Font shape `OMS/cmsy/m/n' tried instead on input line 22.


LaTeX Warning: Command \textcircled invalid in math mode on input line 22.


LaTeX Warning: Command \textregistered invalid in math mode on input line 23.


LaTeX Warning: Command \textcircled invalid in math mode on input line 23.

LaTeX Font Info:    Font shape `OMS/cmr/m/n' in size <9> not available
(Font)              Font shape `OMS/cmsy/m/n' tried instead on input line 23.

LaTeX Warning: Command \textcircled invalid in math mode on input line 23.

[1


]
LaTeX Font Info:    Try loading font information for T1+fvm on input line 59.
 (/usr/local/texlive/2017/texmf-dist/tex/latex/bera/t1fvm.fd
File: t1fvm.fd 2004/09/07 scalable font definitions for T1/fvm.
))
(./user-code/hw-env/hw-env.tex [2]
Chapter 2.
[3

]
</Users/kannan/FOSS/scilab-arduino/floss-arduino-clone/user-code/hw-env/figures
/miccontblk.png, id=853, 419.6478pt x 413.3844pt>
File: /Users/kannan/FOSS/scilab-arduino/floss-arduino-clone/user-code/hw-env/fi
gures/miccontblk.png Graphic file (type png)

<use /Users/kannan/FOSS/scilab-arduino/floss-arduino-clone/user-code/hw-env/fig
ures/miccontblk.png>
Package pdftex.def Info: /Users/kannan/FOSS/scilab-arduino/floss-arduino-clone/
user-code/hw-env/figures/miccontblk.png used on input line 50.
(pdftex.def)             Requested size: 258.36281pt x 254.51689pt.
 [4 </Users/kannan/FOSS/scilab-arduino/floss-arduino-clone/user-code/hw-env/fig
ures/miccontblk.png>] [5]
</Users/kannan/FOSS/scilab-arduino/floss-arduino-clone/user-code/hw-env/figures
/resolution.png, id=870, 207.77625pt x 330.23375pt>
File: /Users/kannan/FOSS/scilab-arduino/floss-arduino-clone/user-code/hw-env/fi
gures/resolution.png Graphic file (type png)

<use /Users/kannan/FOSS/scilab-arduino/floss-arduino-clone/user-code/hw-env/fig
ures/resolution.png>
Package pdftex.def Info: /Users/kannan/FOSS/scilab-arduino/floss-arduino-clone/
user-code/hw-env/figures/resolution.png used on input line 127.
(pdftex.def)             Requested size: 119.2467pt x 189.52515pt.
 [6 </Users/kannan/FOSS/scilab-arduino/floss-arduino-clone/user-code/hw-env/fig
ures/resolution.png>]
</Users/kannan/FOSS/scilab-arduino/floss-arduino-clone/user-code/hw-env/figures
/OSHW-138px.png, id=884, 138.5175pt x 145.54375pt>
File: /Users/kannan/FOSS/scilab-arduino/floss-arduino-clone/user-code/hw-env/fi
gures/OSHW-138px.png Graphic file (type png)

<use /Users/kannan/FOSS/scilab-arduino/floss-arduino-clone/user-code/hw-env/fig
ures/OSHW-138px.png>
Package pdftex.def Info: /Users/kannan/FOSS/scilab-arduino/floss-arduino-clone/
user-code/hw-env/figures/OSHW-138px.png used on input line 182.
(pdftex.def)             Requested size: 72.26999pt x 75.93634pt.
 [7 </Users/kannan/FOSS/scilab-arduino/floss-arduino-clone/user-code/hw-env/fig
ures/OSHW-138px.png>] [8]
</Users/kannan/FOSS/scilab-arduino/floss-arduino-clone/user-code/hw-env/figures
/arduino.png, id=913, 585.18625pt x 221.82875pt>
File: /Users/kannan/FOSS/scilab-arduino/floss-arduino-clone/user-code/hw-env/fi
gures/arduino.png Graphic file (type png)

<use /Users/kannan/FOSS/scilab-arduino/floss-arduino-clone/user-code/hw-env/fig
ures/arduino.png>
Package pdftex.def Info: /Users/kannan/FOSS/scilab-arduino/floss-arduino-clone/
user-code/hw-env/figures/arduino.png used on input line 254.
(pdftex.def)             Requested size: 357.73405pt x 135.61319pt.

Overfull \hbox (3.4056pt too wide) in paragraph at lines 261--281
 [] 
 []


</Users/kannan/FOSS/scilab-arduino/floss-arduino-clone/user-code/hw-env/figures
/mega.jpg, id=916, 481.8pt x 316.7835pt>
File: /Users/kannan/FOSS/scilab-arduino/floss-arduino-clone/user-code/hw-env/fi
gures/mega.jpg Graphic file (type jpg)

<use /Users/kannan/FOSS/scilab-arduino/floss-arduino-clone/user-code/hw-env/fig
ures/mega.jpg>
Package pdftex.def Info: /Users/kannan/FOSS/scilab-arduino/floss-arduino-clone/
user-code/hw-env/figures/mega.jpg used on input line 293.
(pdftex.def)             Requested size: 258.36281pt x 169.87627pt.

</Users/kannan/FOSS/scilab-arduino/floss-arduino-clone/user-code/hw-env/figures
/lily.jpg, id=919, 321.2pt x 321.2pt>
File: /Users/kannan/FOSS/scilab-arduino/floss-arduino-clone/user-code/hw-env/fi
gures/lily.jpg Graphic file (type jpg)

<use /Users/kannan/FOSS/scilab-arduino/floss-arduino-clone/user-code/hw-env/fig
ures/lily.jpg>
Package pdftex.def Info: /Users/kannan/FOSS/scilab-arduino/floss-arduino-clone/
user-code/hw-env/figures/lily.jpg used on input line 304.
(pdftex.def)             Requested size: 178.86702pt x 178.87094pt.
 [9 </Users/kannan/FOSS/scilab-arduino/floss-arduino-clone/user-code/hw-env/fig
ures/arduino.png>]
</Users/kannan/FOSS/scilab-arduino/floss-arduino-clone/user-code/hw-env/figures
/arduino-phone.jpg, id=929, 230.15924pt x 153.5162pt>
File: /Users/kannan/FOSS/scilab-arduino/floss-arduino-clone/user-code/hw-env/fi
gures/arduino-phone.jpg Graphic file (type jpg)

<use /Users/kannan/FOSS/scilab-arduino/floss-arduino-clone/user-code/hw-env/fig
ures/arduino-phone.jpg>
Package pdftex.def Info: /Users/kannan/FOSS/scilab-arduino/floss-arduino-clone/
user-code/hw-env/figures/arduino-phone.jpg used on input line 323.
(pdftex.def)             Requested size: 178.86702pt x 119.30411pt.
 [10 </Users/kannan/FOSS/scilab-arduino/floss-arduino-clone/user-code/hw-env/fi
gures/mega.jpg>]
</Users/kannan/FOSS/scilab-arduino/floss-arduino-clone/user-code/hw-env/figures
/arduino-3d-printer.jpg, id=939, 770.88pt x 364.36125pt>
File: /Users/kannan/FOSS/scilab-arduino/floss-arduino-clone/user-code/hw-env/fi
gures/arduino-3d-printer.jpg Graphic file (type jpg)

<use /Users/kannan/FOSS/scilab-arduino/floss-arduino-clone/user-code/hw-env/fig
ures/arduino-3d-printer.jpg>
Package pdftex.def Info: /Users/kannan/FOSS/scilab-arduino/floss-arduino-clone/
user-code/hw-env/figures/arduino-3d-printer.jpg used on input line 337.
(pdftex.def)             Requested size: 178.86702pt x 84.54076pt.
 [11 </Users/kannan/FOSS/scilab-arduino/floss-arduino-clone/user-code/hw-env/fi
gures/lily.jpg> </Users/kannan/FOSS/scilab-arduino/floss-arduino-clone/user-cod
e/hw-env/figures/arduino-phone.jpg>]
</Users/kannan/FOSS/scilab-arduino/floss-arduino-clone/tools/shield/pcb_board_V
1p2.png, id=955, 608.2725pt x 534.99875pt>
File: /Users/kannan/FOSS/scilab-arduino/floss-arduino-clone/tools/shield/pcb_bo
ard_V1p2.png Graphic file (type png)

<use /Users/kannan/FOSS/scilab-arduino/floss-arduino-clone/tools/shield/pcb_boa
rd_V1p2.png>
Package pdftex.def Info: /Users/kannan/FOSS/scilab-arduino/floss-arduino-clone/
tools/shield/pcb_board_V1p2.png used on input line 370.
(pdftex.def)             Requested size: 258.36281pt x 227.24492pt.

</Users/kannan/FOSS/scilab-arduino/floss-arduino-clone/tools/shield/shield-V1p2
.png, id=957, 819.06pt x 599.23875pt>
File: /Users/kannan/FOSS/scilab-arduino/floss-arduino-clone/tools/shield/shield
-V1p2.png Graphic file (type png)

<use /Users/kannan/FOSS/scilab-arduino/floss-arduino-clone/tools/shield/shield-
V1p2.png>
Package pdftex.def Info: /Users/kannan/FOSS/scilab-arduino/floss-arduino-clone/
tools/shield/shield-V1p2.png used on input line 379.
(pdftex.def)             Requested size: 397.48499pt x 290.81331pt.

</Users/kannan/FOSS/scilab-arduino/floss-arduino-clone/tools/shield/shield-V1p2
.jpg, id=959, 494.59781pt x 376.40625pt>
File: /Users/kannan/FOSS/scilab-arduino/floss-arduino-clone/tools/shield/shield
-V1p2.jpg Graphic file (type jpg)

<use /Users/kannan/FOSS/scilab-arduino/floss-arduino-clone/tools/shield/shield-
V1p2.jpg>
Package pdftex.def Info: /Users/kannan/FOSS/scilab-arduino/floss-arduino-clone/
tools/shield/shield-V1p2.jpg used on input line 388.
(pdftex.def)             Requested size: 238.49341pt x 181.5pt.

</Users/kannan/FOSS/scilab-arduino/floss-arduino-clone/user-code/hw-env/figures
/shield-crop.jpg, id=964, 608.2725pt x 443.6575pt>
File: /Users/kannan/FOSS/scilab-arduino/floss-arduino-clone/user-code/hw-env/fi
gures/shield-crop.jpg Graphic file (type jpg)

<use /Users/kannan/FOSS/scilab-arduino/floss-arduino-clone/user-code/hw-env/fig
ures/shield-crop.jpg>
Package pdftex.def Info: /Users/kannan/FOSS/scilab-arduino/floss-arduino-clone/
user-code/hw-env/figures/shield-crop.jpg used on input line 454.
(pdftex.def)             Requested size: 397.48499pt x 289.9242pt.
 [12 </Users/kannan/FOSS/scilab-arduino/floss-arduino-clone/user-code/hw-env/fi
gures/arduino-3d-printer.jpg>])
(./user-code/sw-env/sw-env-base.tex [13 </Users/kannan/FOSS/scilab-arduino/flos
s-arduino-clone/tools/shield/pcb_board_V1p2.png>] [14 </Users/kannan/FOSS/scila
b-arduino/floss-arduino-clone/tools/shield/shield-V1p2.png> </Users/kannan/FOSS
/scilab-arduino/floss-arduino-clone/tools/shield/shield-V1p2.jpg>] [15]
[16 </Users/kannan/FOSS/scilab-arduino/floss-arduino-clone/user-code/hw-env/fig
ures/shield-crop.jpg>]
Chapter 3.
[17

]
</Users/kannan/FOSS/scilab-arduino/floss-arduino-clone/user-code/hw-env/figures
/hw-device-manager.jpg, id=1008, 793.96625pt x 579.16376pt>
File: /Users/kannan/FOSS/scilab-arduino/floss-arduino-clone/user-code/hw-env/fi
gures/hw-device-manager.jpg Graphic file (type jpg)

<use /Users/kannan/FOSS/scilab-arduino/floss-arduino-clone/user-code/hw-env/fig
ures/hw-device-manager.jpg>
Package pdftex.def Info: /Users/kannan/FOSS/scilab-arduino/floss-arduino-clone/
user-code/hw-env/figures/hw-device-manager.jpg used on input line 109.
(pdftex.def)             Requested size: 397.48499pt x 289.95233pt.

</Users/kannan/FOSS/scilab-arduino/floss-arduino-clone/user-code/sw-env/figures
/device-manager-com.png, id=1009, 1175.39125pt x 863.225pt>
File: /Users/kannan/FOSS/scilab-arduino/floss-arduino-clone/user-code/sw-env/fi
gures/device-manager-com.png Graphic file (type png)

<use /Users/kannan/FOSS/scilab-arduino/floss-arduino-clone/user-code/sw-env/fig
ures/device-manager-com.png>
Package pdftex.def Info: /Users/kannan/FOSS/scilab-arduino/floss-arduino-clone/
user-code/sw-env/figures/device-manager-com.png used on input line 116.
(pdftex.def)             Requested size: 397.48499pt x 291.912pt.

</Users/kannan/FOSS/scilab-arduino/floss-arduino-clone/user-code/hw-env/figures
/update-driver.png, id=1010, 635.37375pt x 423.5825pt>
File: /Users/kannan/FOSS/scilab-arduino/floss-arduino-clone/user-code/hw-env/fi
gures/update-driver.png Graphic file (type png)

<use /Users/kannan/FOSS/scilab-arduino/floss-arduino-clone/user-code/hw-env/fig
ures/update-driver.png>
Package pdftex.def Info: /Users/kannan/FOSS/scilab-arduino/floss-arduino-clone/
user-code/hw-env/figures/update-driver.png used on input line 123.
(pdftex.def)             Requested size: 397.48499pt x 264.99695pt.
 [18] [19 </Users/kannan/FOSS/scilab-arduino/floss-arduino-clone/user-code/hw-e
nv/figures/hw-device-manager.jpg>] [20 </Users/kannan/FOSS/scilab-arduino/floss
-arduino-clone/user-code/sw-env/figures/device-manager-com.png>]
</Users/kannan/FOSS/scilab-arduino/floss-arduino-clone/user-code/sw-env/figures
/launch-arduino-opt.png, id=1045, 751.80875pt x 313.17pt>
File: /Users/kannan/FOSS/scilab-arduino/floss-arduino-clone/user-code/sw-env/fi
gures/launch-arduino-opt.png Graphic file (type png)

<use /Users/kannan/FOSS/scilab-arduino/floss-arduino-clone/user-code/sw-env/fig
ures/launch-arduino-opt.png>
Package pdftex.def Info: /Users/kannan/FOSS/scilab-arduino/floss-arduino-clone/
user-code/sw-env/figures/launch-arduino-opt.png used on input line 218.
(pdftex.def)             Requested size: 258.36281pt x 107.62325pt.
 [21 </Users/kannan/FOSS/scilab-arduino/floss-arduino-clone/user-code/hw-env/fi
gures/update-driver.png (PNG copy)>]
</Users/kannan/FOSS/scilab-arduino/floss-arduino-clone/user-code/hw-env/figures
/arduino-ide.jpg, id=1055, 856.19875pt x 657.45625pt>
File: /Users/kannan/FOSS/scilab-arduino/floss-arduino-clone/user-code/hw-env/fi
gures/arduino-ide.jpg Graphic file (type jpg)

<use /Users/kannan/FOSS/scilab-arduino/floss-arduino-clone/user-code/hw-env/fig
ures/arduino-ide.jpg>
Package pdftex.def Info: /Users/kannan/FOSS/scilab-arduino/floss-arduino-clone/
user-code/hw-env/figures/arduino-ide.jpg used on input line 235.
(pdftex.def)             Requested size: 397.48499pt x 305.22243pt.

Underfull \vbox (badness 1303) has occurred while \output is active []

 [22 </Users/kannan/FOSS/scilab-arduino/floss-arduino-clone/user-code/sw-env/fi
gures/launch-arduino-opt.png> </Users/kannan/FOSS/scilab-arduino/floss-arduino-
clone/user-code/hw-env/figures/arduino-ide.jpg>] [23] [24]
Package hyperref Info: bookmark level for unknown ardmass defaults to 0 on inpu
t line 339.
Package hyperref Info: bookmark level for unknown lstlisting defaults to 0 on i
nput line 349.

(/Users/kannan/FOSS/scilab-arduino/floss-arduino-clone/tools/floss-firmware/flo
ss-firmware.ino
LaTeX Font Info:    Font shape `OMS/cmr/m/n' in size <8> not available
(Font)              Font shape `OMS/cmsy/m/n' tried instead on input line 1.
)) (./user-code/sw-env/sw-env-OM.tex [25]
</Users/kannan/FOSS/scilab-arduino/floss-arduino-clone/user-code/sw-env/figures
/openmodelica-run-anyway.png, id=1123, 812.03375pt x 749.80125pt>
File: /Users/kannan/FOSS/scilab-arduino/floss-arduino-clone/user-code/sw-env/fi
gures/openmodelica-run-anyway.png Graphic file (type png)

<use /Users/kannan/FOSS/scilab-arduino/floss-arduino-clone/user-code/sw-env/fig
ures/openmodelica-run-anyway.png>
Package pdftex.def Info: /Users/kannan/FOSS/scilab-arduino/floss-arduino-clone/
user-code/sw-env/figures/openmodelica-run-anyway.png used on input line 41.
(pdftex.def)             Requested size: 258.36281pt x 238.55693pt.

Overfull \hbox (13.35912pt too wide) in paragraph at lines 46--52
[]\T1/cmr/m/n/10.95 Once Open-Mod-el-ica has been in-stalled, Open-Mod-el-ica C
on-nec-tion Ed-i-tor (OMEdit)
 []


</Users/kannan/FOSS/scilab-arduino/floss-arduino-clone/user-code/sw-env/figures
/OMEdit-libraries.png, id=1127, 664.4825pt x 546.04pt>
File: /Users/kannan/FOSS/scilab-arduino/floss-arduino-clone/user-code/sw-env/fi
gures/OMEdit-libraries.png Graphic file (type png)

<use /Users/kannan/FOSS/scilab-arduino/floss-arduino-clone/user-code/sw-env/fig
ures/OMEdit-libraries.png>
Package pdftex.def Info: /Users/kannan/FOSS/scilab-arduino/floss-arduino-clone/
user-code/sw-env/figures/OMEdit-libraries.png used on input line 65.
(pdftex.def)             Requested size: 365.46649pt x 300.32292pt.
 [26] [27 </Users/kannan/FOSS/scilab-arduino/floss-arduino-clone/user-code/sw-e
nv/figures/openmodelica-run-anyway.png>]
</Users/kannan/FOSS/scilab-arduino/floss-arduino-clone/user-code/sw-env/figures
/OMEdit-UI.png, id=1149, 996.1215pt x 597.9138pt>
File: /Users/kannan/FOSS/scilab-arduino/floss-arduino-clone/user-code/sw-env/fi
gures/OMEdit-UI.png Graphic file (type png)

<use /Users/kannan/FOSS/scilab-arduino/floss-arduino-clone/user-code/sw-env/fig
ures/OMEdit-UI.png>
Package pdftex.def Info: /Users/kannan/FOSS/scilab-arduino/floss-arduino-clone/
user-code/sw-env/figures/OMEdit-UI.png used on input line 97.
(pdftex.def)             Requested size: 397.48499pt x 238.5865pt.
 [28 </Users/kannan/FOSS/scilab-arduino/floss-arduino-clone/user-code/sw-env/fi
gures/OMEdit-libraries.png>]
</Users/kannan/FOSS/scilab-arduino/floss-arduino-clone/user-code/sw-env/figures
/om-open-model.png, id=1160, 1087.06125pt x 792.9625pt>
File: /Users/kannan/FOSS/scilab-arduino/floss-arduino-clone/user-code/sw-env/fi
gures/om-open-model.png Graphic file (type png)

<use /Users/kannan/FOSS/scilab-arduino/floss-arduino-clone/user-code/sw-env/fig
ures/om-open-model.png>
Package pdftex.def Info: /Users/kannan/FOSS/scilab-arduino/floss-arduino-clone/
user-code/sw-env/figures/om-open-model.png used on input line 111.
(pdftex.def)             Requested size: 397.48499pt x 289.94313pt.

</Users/kannan/FOSS/scilab-arduino/floss-arduino-clone/user-code/sw-env/figures
/om-Modeling.png, id=1161, 1368.11125pt x 791.95876pt>
File: /Users/kannan/FOSS/scilab-arduino/floss-arduino-clone/user-code/sw-env/fi
gures/om-Modeling.png Graphic file (type png)

<use /Users/kannan/FOSS/scilab-arduino/floss-arduino-clone/user-code/sw-env/fig
ures/om-Modeling.png>
Package pdftex.def Info: /Users/kannan/FOSS/scilab-arduino/floss-arduino-clone/
user-code/sw-env/figures/om-Modeling.png used on input line 118.
(pdftex.def)             Requested size: 397.48499pt x 230.08511pt.

</Users/kannan/FOSS/scilab-arduino/floss-arduino-clone/user-code/sw-env/figures
/om-modeling-views.png, id=1162, 673.01437pt x 373.395pt>
File: /Users/kannan/FOSS/scilab-arduino/floss-arduino-clone/user-code/sw-env/fi
gures/om-modeling-views.png Graphic file (type png)

<use /Users/kannan/FOSS/scilab-arduino/floss-arduino-clone/user-code/sw-env/fig
ures/om-modeling-views.png>
Package pdftex.def Info: /Users/kannan/FOSS/scilab-arduino/floss-arduino-clone/
user-code/sw-env/figures/om-modeling-views.png used on input line 126.
(pdftex.def)             Requested size: 397.48499pt x 220.52904pt.

</Users/kannan/FOSS/scilab-arduino/floss-arduino-clone/user-code/sw-env/figures
/om-text-view.png, id=1163, 1370.11874pt x 796.9775pt>
File: /Users/kannan/FOSS/scilab-arduino/floss-arduino-clone/user-code/sw-env/fi
gures/om-text-view.png Graphic file (type png)

<use /Users/kannan/FOSS/scilab-arduino/floss-arduino-clone/user-code/sw-env/fig
ures/om-text-view.png>
Package pdftex.def Info: /Users/kannan/FOSS/scilab-arduino/floss-arduino-clone/
user-code/sw-env/figures/om-text-view.png used on input line 134.
(pdftex.def)             Requested size: 397.48499pt x 231.20267pt.
 [29 </Users/kannan/FOSS/scilab-arduino/floss-arduino-clone/user-code/sw-env/fi
gures/OMEdit-UI.png>]
</Users/kannan/FOSS/scilab-arduino/floss-arduino-clone/user-code/sw-env/figures
/om-simulate.png, id=1177, 673.01437pt x 373.395pt>
File: /Users/kannan/FOSS/scilab-arduino/floss-arduino-clone/user-code/sw-env/fi
gures/om-simulate.png Graphic file (type png)

<use /Users/kannan/FOSS/scilab-arduino/floss-arduino-clone/user-code/sw-env/fig
ures/om-simulate.png>
Package pdftex.def Info: /Users/kannan/FOSS/scilab-arduino/floss-arduino-clone/
user-code/sw-env/figures/om-simulate.png used on input line 163.
(pdftex.def)             Requested size: 397.48499pt x 220.52904pt.

</Users/kannan/FOSS/scilab-arduino/floss-arduino-clone/user-code/sw-env/figures
/om-sim-success.png, id=1178, 647.41875pt x 516.93124pt>
File: /Users/kannan/FOSS/scilab-arduino/floss-arduino-clone/user-code/sw-env/fi
gures/om-sim-success.png Graphic file (type png)

<use /Users/kannan/FOSS/scilab-arduino/floss-arduino-clone/user-code/sw-env/fig
ures/om-sim-success.png>
Package pdftex.def Info: /Users/kannan/FOSS/scilab-arduino/floss-arduino-clone/
user-code/sw-env/figures/om-sim-success.png used on input line 170.
(pdftex.def)             Requested size: 397.48499pt x 317.37051pt.
 [30 </Users/kannan/FOSS/scilab-arduino/floss-arduino-clone/user-code/sw-env/fi
gures/om-open-model.png>]

LaTeX Warning: Text page 31 contains only floats.

[31 </Users/kannan/FOSS/scilab-arduino/floss-arduino-clone/user-code/sw-env/fig
ures/om-Modeling.png> </Users/kannan/FOSS/scilab-arduino/floss-arduino-clone/us
er-code/sw-env/figures/om-modeling-views.png>]

LaTeX Warning: Text page 32 contains only floats.

[32 </Users/kannan/FOSS/scilab-arduino/floss-arduino-clone/user-code/sw-env/fig
ures/om-text-view.png> </Users/kannan/FOSS/scilab-arduino/floss-arduino-clone/u
ser-code/sw-env/figures/om-simulate.png>]
Overfull \hbox (0.4131pt too wide) in paragraph at lines 181--188
\T1/fvm/m/n/10.95 openmodelica/windows \T1/cmr/m/n/10.95 or \T1/fvm/m/n/10.95 O
rigin/tools/openmodelica/linux \T1/cmr/m/n/10.95 di-rec-tory,
 []

[33 </Users/kannan/FOSS/scilab-arduino/floss-arduino-clone/user-code/sw-env/fig
ures/om-sim-success.png>]
Overfull \hbox (4.19868pt too wide) in paragraph at lines 199--201
[]\T1/cmr/m/n/10.95 Navigate to \T1/fvm/m/n/10.95 Origin/tools/openmodelica/win
dows \T1/cmr/m/n/10.95 or \T1/fvm/m/n/10.95 Origin/tools/ 
 []


Overfull \hbox (5.89722pt too wide) in paragraph at lines 201--209
\T1/cmr/m/n/10.95 el-ica_Synchronous, Mod-el-ica_DeviceDrivers, and one model t
est_firmware.mo.
 []


</Users/kannan/FOSS/scilab-arduino/floss-arduino-clone/user-code/sw-env/figures
/om-toolbox-loaded.png, id=1210, 325.215pt x 735.74875pt>
File: /Users/kannan/FOSS/scilab-arduino/floss-arduino-clone/user-code/sw-env/fi
gures/om-toolbox-loaded.png Graphic file (type png)

<use /Users/kannan/FOSS/scilab-arduino/floss-arduino-clone/user-code/sw-env/fig
ures/om-toolbox-loaded.png>
Package pdftex.def Info: /Users/kannan/FOSS/scilab-arduino/floss-arduino-clone/
user-code/sw-env/figures/om-toolbox-loaded.png used on input line 226.
(pdftex.def)             Requested size: 178.86702pt x 404.66306pt.
Package hyperref Info: bookmark level for unknown OpenModelicamass defaults to 
0 on input line 244.
 [34]
(/Users/kannan/FOSS/scilab-arduino/floss-arduino-clone/tools/openmodelica/windo
ws//test_firmware.mo [35 </Users/kannan/FOSS/scilab-arduino/floss-arduino-clone
/user-code/sw-env/figures/om-toolbox-loaded.png>]))
(./user-code/led/led-base.tex [36]
Chapter 4.

</Users/kannan/FOSS/scilab-arduino/floss-arduino-clone/user-code/led/figures/le
d.png, id=1259, 149.8097pt x 84.315pt>
File: /Users/kannan/FOSS/scilab-arduino/floss-arduino-clone/user-code/led/figur
es/led.png Graphic file (type png)

<use /Users/kannan/FOSS/scilab-arduino/floss-arduino-clone/user-code/led/figure
s/led.png>
Package pdftex.def Info: /Users/kannan/FOSS/scilab-arduino/floss-arduino-clone/
user-code/led/figures/led.png used on input line 52.
(pdftex.def)             Requested size: 79.49577pt x 44.74203pt.

</Users/kannan/FOSS/scilab-arduino/floss-arduino-clone/user-code/led/figures/sc
hematic.png, id=1261, 415.5525pt x 456.70625pt>
File: /Users/kannan/FOSS/scilab-arduino/floss-arduino-clone/user-code/led/figur
es/schematic.png Graphic file (type png)

<use /Users/kannan/FOSS/scilab-arduino/floss-arduino-clone/user-code/led/figure
s/schematic.png>
Package pdftex.def Info: /Users/kannan/FOSS/scilab-arduino/floss-arduino-clone/
user-code/led/figures/schematic.png used on input line 65.
(pdftex.def)             Requested size: 178.86702pt x 196.58194pt.
 [37

 </Users/kannan/FOSS/scilab-arduino/floss-arduino-clone/user-code/led/figures/l
ed.png>]
</Users/kannan/FOSS/scilab-arduino/floss-arduino-clone/user-code/led/figures/ar
duino-new-shield.jpeg, id=1267, 305.7021pt x 172.0026pt>
File: /Users/kannan/FOSS/scilab-arduino/floss-arduino-clone/user-code/led/figur
es/arduino-new-shield.jpeg Graphic file (type jpg)

<use /Users/kannan/FOSS/scilab-arduino/floss-arduino-clone/user-code/led/figure
s/arduino-new-shield.jpeg>
Package pdftex.def Info: /Users/kannan/FOSS/scilab-arduino/floss-arduino-clone/
user-code/led/figures/arduino-new-shield.jpeg used on input line 79.
(pdftex.def)             Requested size: 258.36281pt x 145.37354pt.
 [38 </Users/kannan/FOSS/scilab-arduino/floss-arduino-clone/user-code/led/figur
es/schematic.png> </Users/kannan/FOSS/scilab-arduino/floss-arduino-clone/user-c
ode/led/figures/arduino-new-shield.jpeg>]
</Users/kannan/FOSS/scilab-arduino/floss-arduino-clone/user-code/led/figures/rg
b-led-bb.png, id=1275, 451.286pt x 236.082pt>
File: /Users/kannan/FOSS/scilab-arduino/floss-arduino-clone/user-code/led/figur
es/rgb-led-bb.png Graphic file (type png)

<use /Users/kannan/FOSS/scilab-arduino/floss-arduino-clone/user-code/led/figure
s/rgb-led-bb.png>
Package pdftex.def Info: /Users/kannan/FOSS/scilab-arduino/floss-arduino-clone/
user-code/led/figures/rgb-led-bb.png used on input line 107.
(pdftex.def)             Requested size: 357.73405pt x 187.14034pt.
 [39 </Users/kannan/FOSS/scilab-arduino/floss-arduino-clone/user-code/led/figur
es/rgb-led-bb.png>]
(/Users/kannan/FOSS/scilab-arduino/floss-arduino-clone/user-code/led/arduino/le
d-blue/led-blue.ino)
(/Users/kannan/FOSS/scilab-arduino/floss-arduino-clone/user-code/led/arduino/le
d-blue/led-blue.ino)
(/Users/kannan/FOSS/scilab-arduino/floss-arduino-clone/user-code/led/arduino/le
d-blue-delay/led-blue-delay.ino)
(/Users/kannan/FOSS/scilab-arduino/floss-arduino-clone/user-code/led/arduino/le
d-blue-delay/led-blue-delay.ino) [40]
</Users/kannan/FOSS/scilab-arduino/floss-arduino-clone/user-code/led/figures/le
d_output.png, id=1304, 3035.34pt x 1947.275pt>
File: /Users/kannan/FOSS/scilab-arduino/floss-arduino-clone/user-code/led/figur
es/led_output.png Graphic file (type png)

<use /Users/kannan/FOSS/scilab-arduino/floss-arduino-clone/user-code/led/figure
s/led_output.png>
Package pdftex.def Info: /Users/kannan/FOSS/scilab-arduino/floss-arduino-clone/
user-code/led/figures/led_output.png used on input line 197.
(pdftex.def)             Requested size: 357.73405pt x 229.47339pt.
LaTeX Font Info:    Try loading font information for T1+cmss on input line 209.

 (/usr/local/texlive/2017/texmf-dist/tex/latex/base/t1cmss.fd
File: t1cmss.fd 2014/09/29 v2.5h Standard LaTeX font definitions
)
Package hyperref Info: bookmark level for unknown egmass defaults to 0 on input
 line 210.
[41]
(/Users/kannan/FOSS/scilab-arduino/floss-arduino-clone/user-code/led/arduino/le
d-blue/led-blue.ino)
(/Users/kannan/FOSS/scilab-arduino/floss-arduino-clone/user-code/led/arduino/le
d-blue-delay/led-blue-delay.ino [42 </Users/kannan/FOSS/scilab-arduino/floss-ar
duino-clone/user-code/led/figures/led_output.png>])
(/Users/kannan/FOSS/scilab-arduino/floss-arduino-clone/user-code/led/arduino/le
d-blue-red/led-blue-red.ino)
(/Users/kannan/FOSS/scilab-arduino/floss-arduino-clone/user-code/led/arduino/le
d-green-blink/led-green-blink.ino)) (./user-code/led/led-OM.tex [43]
(/Users/kannan/FOSS/scilab-arduino/floss-arduino-clone/user-code/led/OpenModeli
ca/led-blue.mo)
(/Users/kannan/FOSS/scilab-arduino/floss-arduino-clone/user-code/led/OpenModeli
ca/led-blue.mo)
(/Users/kannan/FOSS/scilab-arduino/floss-arduino-clone/user-code/led/OpenModeli
ca/led-blue.mo) [44]
(/Users/kannan/FOSS/scilab-arduino/floss-arduino-clone/user-code/led/OpenModeli
ca/led-blue.mo)
(/Users/kannan/FOSS/scilab-arduino/floss-arduino-clone/user-code/led/OpenModeli
ca/led-blue-delay.mo)
(/Users/kannan/FOSS/scilab-arduino/floss-arduino-clone/user-code/led/OpenModeli
ca/led-blue-delay.mo) [45]
(/Users/kannan/FOSS/scilab-arduino/floss-arduino-clone/user-code/led/OpenModeli
ca/led-blue.mo)
(/Users/kannan/FOSS/scilab-arduino/floss-arduino-clone/user-code/led/OpenModeli
ca/led-blue-delay.mo [46])
(/Users/kannan/FOSS/scilab-arduino/floss-arduino-clone/user-code/led/OpenModeli
ca/led-blue-red.mo [47])
(/Users/kannan/FOSS/scilab-arduino/floss-arduino-clone/user-code/led/OpenModeli
ca/led-green-blink.mo)) (./user-code/push/push-base.tex [48]
Chapter 5.

</Users/kannan/FOSS/scilab-arduino/floss-arduino-clone/user-code/push/figures/p
ushbutton-conn.png, id=1557, 415.5525pt x 438.63875pt>
File: /Users/kannan/FOSS/scilab-arduino/floss-arduino-clone/user-code/push/figu
res/pushbutton-conn.png Graphic file (type png)

<use /Users/kannan/FOSS/scilab-arduino/floss-arduino-clone/user-code/push/figur
es/pushbutton-conn.png>
Package pdftex.def Info: /Users/kannan/FOSS/scilab-arduino/floss-arduino-clone/
user-code/push/figures/pushbutton-conn.png used on input line 63.
(pdftex.def)             Requested size: 178.86702pt x 188.80507pt.

</Users/kannan/FOSS/scilab-arduino/floss-arduino-clone/user-code/push/figures/s
witch.png, id=1558, 453.695pt x 239.294pt>
File: /Users/kannan/FOSS/scilab-arduino/floss-arduino-clone/user-code/push/figu
res/switch.png Graphic file (type png)

<use /Users/kannan/FOSS/scilab-arduino/floss-arduino-clone/user-code/push/figur
es/switch.png>
Package pdftex.def Info: /Users/kannan/FOSS/scilab-arduino/floss-arduino-clone/
user-code/push/figures/switch.png used on input line 72.
(pdftex.def)             Requested size: 397.48499pt x 209.64827pt.
 [49

]
Underfull \vbox (badness 3098) has occurred while \output is active []

 [50 </Users/kannan/FOSS/scilab-arduino/floss-arduino-clone/user-code/push/figu
res/pushbutton-conn.png> </Users/kannan/FOSS/scilab-arduino/floss-arduino-clone
/user-code/push/figures/switch.png>]
</Users/kannan/FOSS/scilab-arduino/floss-arduino-clone/user-code/push/figures/s
witch-led.png, id=1571, 453.695pt x 266.596pt>
File: /Users/kannan/FOSS/scilab-arduino/floss-arduino-clone/user-code/push/figu
res/switch-led.png Graphic file (type png)

<use /Users/kannan/FOSS/scilab-arduino/floss-arduino-clone/user-code/push/figur
es/switch-led.png>
Package pdftex.def Info: /Users/kannan/FOSS/scilab-arduino/floss-arduino-clone/
user-code/push/figures/switch-led.png used on input line 106.
(pdftex.def)             Requested size: 397.48499pt x 233.56786pt.

Underfull \vbox (badness 1158) has occurred while \output is active []

 [51 </Users/kannan/FOSS/scilab-arduino/floss-arduino-clone/user-code/push/figu
res/switch-led.png>]
(/Users/kannan/FOSS/scilab-arduino/floss-arduino-clone/user-code/push/arduino/p
ush-button-status/push-button-status.ino)
(/Users/kannan/FOSS/scilab-arduino/floss-arduino-clone/user-code/push/arduino/p
ush-button-status/push-button-status.ino) [52]
(/Users/kannan/FOSS/scilab-arduino/floss-arduino-clone/user-code/push/arduino/l
ed-push-button/led-push-button.ino)
(/Users/kannan/FOSS/scilab-arduino/floss-arduino-clone/user-code/push/arduino/p
ush-button-status/push-button-status.ino)
Overfull \hbox (0.16989pt too wide) in paragraph at lines 181--184
[]\T1/cmr/m/n/10.95 Turning the LED on or off de-pend-ing on the push-but-ton. 
Avail-
 []


(/Users/kannan/FOSS/scilab-arduino/floss-arduino-clone/user-code/push/arduino/l
ed-push-button/led-push-button.ino [53])) (./user-code/push/push-OM.tex
(/Users/kannan/FOSS/scilab-arduino/floss-arduino-clone/user-code/push/OpenModel
ica/push-button-status.mo)
(/Users/kannan/FOSS/scilab-arduino/floss-arduino-clone/user-code/push/OpenModel
ica/push-button-status.mo) [54]
(/Users/kannan/FOSS/scilab-arduino/floss-arduino-clone/user-code/push/OpenModel
ica/led-push-button.mo)
(/Users/kannan/FOSS/scilab-arduino/floss-arduino-clone/user-code/push/OpenModel
ica/push-button-status.mo [55])
(/Users/kannan/FOSS/scilab-arduino/floss-arduino-clone/user-code/push/OpenModel
ica/led-push-button.mo [56])) (./user-code/ldr/ldr-base.tex [57] [58

]
Chapter 6.

</Users/kannan/FOSS/scilab-arduino/floss-arduino-clone/user-code/ldr/figures/ld
r.jpg, id=1768, 106.89937pt x 94.85437pt>
File: /Users/kannan/FOSS/scilab-arduino/floss-arduino-clone/user-code/ldr/figur
es/ldr.jpg Graphic file (type jpg)

<use /Users/kannan/FOSS/scilab-arduino/floss-arduino-clone/user-code/ldr/figure
s/ldr.jpg>
Package pdftex.def Info: /Users/kannan/FOSS/scilab-arduino/floss-arduino-clone/
user-code/ldr/figures/ldr.jpg used on input line 62.
(pdftex.def)             Requested size: 178.86702pt x 158.72462pt.

</Users/kannan/FOSS/scilab-arduino/floss-arduino-clone/user-code/ldr/figures/ld
r_sym.png, id=1769, 1009.52156pt x 741.52031pt>
File: /Users/kannan/FOSS/scilab-arduino/floss-arduino-clone/user-code/ldr/figur
es/ldr_sym.png Graphic file (type png)

<use /Users/kannan/FOSS/scilab-arduino/floss-arduino-clone/user-code/ldr/figure
s/ldr_sym.png>
Package pdftex.def Info: /Users/kannan/FOSS/scilab-arduino/floss-arduino-clone/
user-code/ldr/figures/ldr_sym.png used on input line 65.
(pdftex.def)             Requested size: 178.86702pt x 131.37468pt.

</Users/kannan/FOSS/scilab-arduino/floss-arduino-clone/user-code/ldr/figures/ld
r-conn.png, id=1770, 415.5525pt x 450.68375pt>
File: /Users/kannan/FOSS/scilab-arduino/floss-arduino-clone/user-code/ldr/figur
es/ldr-conn.png Graphic file (type png)

<use /Users/kannan/FOSS/scilab-arduino/floss-arduino-clone/user-code/ldr/figure
s/ldr-conn.png>
Package pdftex.def Info: /Users/kannan/FOSS/scilab-arduino/floss-arduino-clone/
user-code/ldr/figures/ldr-conn.png used on input line 71.
(pdftex.def)             Requested size: 178.86702pt x 193.98965pt.
 [59]
Overfull \hbox (0.60098pt too wide) in paragraph at lines 87--87
[]\T1/cmr/bx/n/14.4 Connecting an LDR with Ar-duino Uno us-ing a bread-
 []


Underfull \vbox (badness 3333) has occurred while \output is active []

 [60 </Users/kannan/FOSS/scilab-arduino/floss-arduino-clone/user-code/ldr/figur
es/ldr.jpg> </Users/kannan/FOSS/scilab-arduino/floss-arduino-clone/user-code/ld
r/figures/ldr_sym.png> </Users/kannan/FOSS/scilab-arduino/floss-arduino-clone/u
ser-code/ldr/figures/ldr-conn.png>]
</Users/kannan/FOSS/scilab-arduino/floss-arduino-clone/user-code/ldr/figures/LD
R.png, id=1784, 455.301pt x 208.78pt>
File: /Users/kannan/FOSS/scilab-arduino/floss-arduino-clone/user-code/ldr/figur
es/LDR.png Graphic file (type png)

<use /Users/kannan/FOSS/scilab-arduino/floss-arduino-clone/user-code/ldr/figure
s/LDR.png>
Package pdftex.def Info: /Users/kannan/FOSS/scilab-arduino/floss-arduino-clone/
user-code/ldr/figures/LDR.png used on input line 102.
(pdftex.def)             Requested size: 397.48499pt x 182.27425pt.
 [61 </Users/kannan/FOSS/scilab-arduino/floss-arduino-clone/user-code/ldr/figur
es/LDR.png>]
</Users/kannan/FOSS/scilab-arduino/floss-arduino-clone/user-code/ldr/figures/LD
R-led.png, id=1797, 455.301pt x 257.763pt>
File: /Users/kannan/FOSS/scilab-arduino/floss-arduino-clone/user-code/ldr/figur
es/LDR-led.png Graphic file (type png)

<use /Users/kannan/FOSS/scilab-arduino/floss-arduino-clone/user-code/ldr/figure
s/LDR-led.png>
Package pdftex.def Info: /Users/kannan/FOSS/scilab-arduino/floss-arduino-clone/
user-code/ldr/figures/LDR-led.png used on input line 125.
(pdftex.def)             Requested size: 397.48499pt x 225.03864pt.

(/Users/kannan/FOSS/scilab-arduino/floss-arduino-clone/user-code/ldr/arduino/ld
r-read/ldr-read.ino) [62 </Users/kannan/FOSS/scilab-arduino/floss-arduino-clone
/user-code/ldr/figures/LDR-led.png>]
(/Users/kannan/FOSS/scilab-arduino/floss-arduino-clone/user-code/ldr/arduino/ld
r-read/ldr-read.ino)
(/Users/kannan/FOSS/scilab-arduino/floss-arduino-clone/user-code/ldr/arduino/ld
r-read/ldr-read.ino)
(/Users/kannan/FOSS/scilab-arduino/floss-arduino-clone/user-code/ldr/arduino/ld
r-read/ldr-read.ino [63])
(/Users/kannan/FOSS/scilab-arduino/floss-arduino-clone/user-code/ldr/arduino/ld
r-led/ldr-led.ino)) (./user-code/ldr/ldr-OM.tex [64]
(/Users/kannan/FOSS/scilab-arduino/floss-arduino-clone/user-code/ldr/OpenModeli
ca/ldr-read.mo)
(/Users/kannan/FOSS/scilab-arduino/floss-arduino-clone/user-code/ldr/OpenModeli
ca/ldr-read.mo) [65]
(/Users/kannan/FOSS/scilab-arduino/floss-arduino-clone/user-code/ldr/OpenModeli
ca/ldr-read.mo)
(/Users/kannan/FOSS/scilab-arduino/floss-arduino-clone/user-code/ldr/OpenModeli
ca/ldr-led.mo [66])) (./user-code/pot/pot-base.tex [67] [68

]
Chapter 7.

</Users/kannan/FOSS/scilab-arduino/floss-arduino-clone/user-code/pot/figures/po
tmeter.png, id=1960, 1576.38937pt x 1305.37688pt>
File: /Users/kannan/FOSS/scilab-arduino/floss-arduino-clone/user-code/pot/figur
es/potmeter.png Graphic file (type png)

<use /Users/kannan/FOSS/scilab-arduino/floss-arduino-clone/user-code/pot/figure
s/potmeter.png>
Package pdftex.def Info: /Users/kannan/FOSS/scilab-arduino/floss-arduino-clone/
user-code/pot/figures/potmeter.png used on input line 65.
(pdftex.def)             Requested size: 178.86702pt x 148.11337pt.

</Users/kannan/FOSS/scilab-arduino/floss-arduino-clone/user-code/pot/figures/sc
hematic.png, id=1961, 415.5525pt x 417.56pt>
File: /Users/kannan/FOSS/scilab-arduino/floss-arduino-clone/user-code/pot/figur
es/schematic.png Graphic file (type png)

<use /Users/kannan/FOSS/scilab-arduino/floss-arduino-clone/user-code/pot/figure
s/schematic.png>
Package pdftex.def Info: /Users/kannan/FOSS/scilab-arduino/floss-arduino-clone/
user-code/pot/figures/schematic.png used on input line 68.
(pdftex.def)             Requested size: 178.86702pt x 179.73206pt.
 [69] [70 </Users/kannan/FOSS/scilab-arduino/floss-arduino-clone/user-code/pot/
figures/potmeter.png> </Users/kannan/FOSS/scilab-arduino/floss-arduino-clone/us
er-code/pot/figures/schematic.png>]
</Users/kannan/FOSS/scilab-arduino/floss-arduino-clone/user-code/pot/figures/PO
T-led-bb.png, id=1977, 453.695pt x 243.309pt>
File: /Users/kannan/FOSS/scilab-arduino/floss-arduino-clone/user-code/pot/figur
es/POT-led-bb.png Graphic file (type png)

<use /Users/kannan/FOSS/scilab-arduino/floss-arduino-clone/user-code/pot/figure
s/POT-led-bb.png>
Package pdftex.def Info: /Users/kannan/FOSS/scilab-arduino/floss-arduino-clone/
user-code/pot/figures/POT-led-bb.png used on input line 113.
(pdftex.def)             Requested size: 397.48499pt x 213.16588pt.
 [71 </Users/kannan/FOSS/scilab-arduino/floss-arduino-clone/user-code/pot/figur
es/POT-led-bb.png>]
(/Users/kannan/FOSS/scilab-arduino/floss-arduino-clone/user-code/pot/arduino/po
t-threshold/pot-threshold.ino)
(/Users/kannan/FOSS/scilab-arduino/floss-arduino-clone/user-code/pot/arduino/po
t-threshold/pot-threshold.ino)
(/Users/kannan/FOSS/scilab-arduino/floss-arduino-clone/user-code/pot/arduino/po
t-threshold/pot-threshold.ino [72])) (./user-code/pot/pot-OM.tex
(/Users/kannan/FOSS/scilab-arduino/floss-arduino-clone/user-code/pot/OpenModeli
ca/pot-threshold.mo) [73]
(/Users/kannan/FOSS/scilab-arduino/floss-arduino-clone/user-code/pot/OpenModeli
ca/pot-threshold.mo)
Overfull \hbox (7.95369pt too wide) in paragraph at lines 36--40
[]\T1/cmr/m/n/10.95 Turning on LEDs de-pend-ing on the po-ten-tiome-ter thresh-

 []


Overfull \hbox (24.30972pt too wide) in paragraph at lines 36--40
\T1/cmr/m/n/10.95 old. Avail-able at Ar-duino -> Se-ri-al-Com-mu-ni-ca-tion -> 
Ex-am-ples -> pot -> pot_threshold.
 []


(/Users/kannan/FOSS/scilab-arduino/floss-arduino-clone/user-code/pot/OpenModeli
ca/pot-threshold.mo [74])) (./user-code/thermistor/thermistor-base.tex [75]
[76

]
Chapter 8.

</Users/kannan/FOSS/scilab-arduino/floss-arduino-clone/user-code/thermistor/fig
ures/NTC-bead.jpg, id=2111, 139.9629pt x 126.2316pt>
File: /Users/kannan/FOSS/scilab-arduino/floss-arduino-clone/user-code/thermisto
r/figures/NTC-bead.jpg Graphic file (type jpg)

<use /Users/kannan/FOSS/scilab-arduino/floss-arduino-clone/user-code/thermistor
/figures/NTC-bead.jpg>
Package pdftex.def Info: /Users/kannan/FOSS/scilab-arduino/floss-arduino-clone/
user-code/thermistor/figures/NTC-bead.jpg used on input line 70.
(pdftex.def)             Requested size: 178.86702pt x 161.32933pt.

</Users/kannan/FOSS/scilab-arduino/floss-arduino-clone/user-code/thermistor/fig
ures/therm-sym.png, id=2114, 1284.8pt x 913.4125pt>
File: /Users/kannan/FOSS/scilab-arduino/floss-arduino-clone/user-code/thermisto
r/figures/therm-sym.png Graphic file (type png)

<use /Users/kannan/FOSS/scilab-arduino/floss-arduino-clone/user-code/thermistor
/figures/therm-sym.png>
Package pdftex.def Info: /Users/kannan/FOSS/scilab-arduino/floss-arduino-clone/
user-code/thermistor/figures/therm-sym.png used on input line 73.
(pdftex.def)             Requested size: 119.2467pt x 84.76808pt.

</Users/kannan/FOSS/scilab-arduino/floss-arduino-clone/user-code/thermistor/fig
ures/THERMISTOR-Diagram-crop.pdf, id=2115, 329.23pt x 422.57875pt>
File: /Users/kannan/FOSS/scilab-arduino/floss-arduino-clone/user-code/thermisto
r/figures/THERMISTOR-Diagram-crop.pdf Graphic file (type pdf)

<use /Users/kannan/FOSS/scilab-arduino/floss-arduino-clone/user-code/thermistor
/figures/THERMISTOR-Diagram-crop.pdf>
Package pdftex.def Info: /Users/kannan/FOSS/scilab-arduino/floss-arduino-clone/
user-code/thermistor/figures/THERMISTOR-Diagram-crop.pdf used on input line 83.

(pdftex.def)             Requested size: 178.86702pt x 229.58835pt.

</Users/kannan/FOSS/scilab-arduino/floss-arduino-clone/user-code/thermistor/fig
ures/BUZZER-Diagram-crop.pdf, id=2116, 307.1475pt x 366.36874pt>
File: /Users/kannan/FOSS/scilab-arduino/floss-arduino-clone/user-code/thermisto
r/figures/BUZZER-Diagram-crop.pdf Graphic file (type pdf)

<use /Users/kannan/FOSS/scilab-arduino/floss-arduino-clone/user-code/thermistor
/figures/BUZZER-Diagram-crop.pdf>
Package pdftex.def Info: /Users/kannan/FOSS/scilab-arduino/floss-arduino-clone/
user-code/thermistor/figures/BUZZER-Diagram-crop.pdf used on input line 87.
(pdftex.def)             Requested size: 178.86702pt x 213.35492pt.
 [77]
Underfull \vbox (badness 10000) has occurred while \output is active []

 [78 </Users/kannan/FOSS/scilab-arduino/floss-arduino-clone/user-code/thermisto
r/figures/NTC-bead.jpg> </Users/kannan/FOSS/scilab-arduino/floss-arduino-clone/
user-code/thermistor/figures/therm-sym.png> </Users/kannan/FOSS/scilab-arduino/
floss-arduino-clone/user-code/thermistor/figures/THERMISTOR-Diagram-crop.pdf> <
/Users/kannan/FOSS/scilab-arduino/floss-arduino-clone/user-code/thermistor/figu
res/BUZZER-Diagram-crop.pdf>]
</Users/kannan/FOSS/scilab-arduino/floss-arduino-clone/user-code/thermistor/fig
ures/thermistor.png, id=2146, 453.695pt x 236.885pt>
File: /Users/kannan/FOSS/scilab-arduino/floss-arduino-clone/user-code/thermisto
r/figures/thermistor.png Graphic file (type png)

<use /Users/kannan/FOSS/scilab-arduino/floss-arduino-clone/user-code/thermistor
/figures/thermistor.png>
Package pdftex.def Info: /Users/kannan/FOSS/scilab-arduino/floss-arduino-clone/
user-code/thermistor/figures/thermistor.png used on input line 110.
(pdftex.def)             Requested size: 397.48499pt x 207.53772pt.

</Users/kannan/FOSS/scilab-arduino/floss-arduino-clone/user-code/thermistor/fig
ures/thermistor-buzzer.png, id=2150, 453.695pt x 240.097pt>
File: /Users/kannan/FOSS/scilab-arduino/floss-arduino-clone/user-code/thermisto
r/figures/thermistor-buzzer.png Graphic file (type png)

<use /Users/kannan/FOSS/scilab-arduino/floss-arduino-clone/user-code/thermistor
/figures/thermistor-buzzer.png>
Package pdftex.def Info: /Users/kannan/FOSS/scilab-arduino/floss-arduino-clone/
user-code/thermistor/figures/thermistor-buzzer.png used on input line 124.
(pdftex.def)             Requested size: 397.48499pt x 210.35179pt.
 [79 </Users/kannan/FOSS/scilab-arduino/floss-arduino-clone/user-code/thermisto
r/figures/thermistor.png>]
(/Users/kannan/FOSS/scilab-arduino/floss-arduino-clone/user-code/thermistor/ard
uino/therm-read/therm-read.ino) [80 </Users/kannan/FOSS/scilab-arduino/floss-ar
duino-clone/user-code/thermistor/figures/thermistor-buzzer.png>]
(/Users/kannan/FOSS/scilab-arduino/floss-arduino-clone/user-code/thermistor/ard
uino/therm-read/therm-read.ino)
(/Users/kannan/FOSS/scilab-arduino/floss-arduino-clone/user-code/thermistor/ard
uino/therm-read/therm-read.ino)
(/Users/kannan/FOSS/scilab-arduino/floss-arduino-clone/user-code/thermistor/ard
uino/therm-buzzer/therm-buzzer.ino [81])
(/Users/kannan/FOSS/scilab-arduino/floss-arduino-clone/user-code/thermistor/ard
uino/therm-read/therm-read.ino [82])
(/Users/kannan/FOSS/scilab-arduino/floss-arduino-clone/user-code/thermistor/ard
uino/therm-buzzer/therm-buzzer.ino)) (./user-code/thermistor/thermistor-OM.tex
Underfull \vbox (badness 5119) has occurred while \output is active []

 [83]
(/Users/kannan/FOSS/scilab-arduino/floss-arduino-clone/user-code/thermistor/Ope
nModelica/therm-read.mo)
(/Users/kannan/FOSS/scilab-arduino/floss-arduino-clone/user-code/thermistor/Ope
nModelica/therm-read.mo) [84]
(/Users/kannan/FOSS/scilab-arduino/floss-arduino-clone/user-code/thermistor/Ope
nModelica/therm-buzzer.mo)
(/Users/kannan/FOSS/scilab-arduino/floss-arduino-clone/user-code/thermistor/Ope
nModelica/therm-read.mo [85])
(/Users/kannan/FOSS/scilab-arduino/floss-arduino-clone/user-code/thermistor/Ope
nModelica/therm-buzzer.mo [86])) (./user-code/servo/servo-base.tex [87]
[88

]
Chapter 9.
[89]
</Users/kannan/FOSS/scilab-arduino/floss-arduino-clone/user-code/servo/figures/
servo-uno-shield.jpg, id=2377, 1110.0672pt x 508.7808pt>
File: /Users/kannan/FOSS/scilab-arduino/floss-arduino-clone/user-code/servo/fig
ures/servo-uno-shield.jpg Graphic file (type jpg)

<use /Users/kannan/FOSS/scilab-arduino/floss-arduino-clone/user-code/servo/figu
res/servo-uno-shield.jpg>
Package pdftex.def Info: /Users/kannan/FOSS/scilab-arduino/floss-arduino-clone/
user-code/servo/figures/servo-uno-shield.jpg used on input line 82.
(pdftex.def)             Requested size: 258.36281pt x 118.41452pt.
 [90 </Users/kannan/FOSS/scilab-arduino/floss-arduino-clone/user-code/servo/fig
ures/servo-uno-shield.jpg>]
</Users/kannan/FOSS/scilab-arduino/floss-arduino-clone/user-code/servo/figures/
servo-bb.png, id=2383, 446.468pt x 316.382pt>
File: /Users/kannan/FOSS/scilab-arduino/floss-arduino-clone/user-code/servo/fig
ures/servo-bb.png Graphic file (type png)

<use /Users/kannan/FOSS/scilab-arduino/floss-arduino-clone/user-code/servo/figu
res/servo-bb.png>
Package pdftex.def Info: /Users/kannan/FOSS/scilab-arduino/floss-arduino-clone/
user-code/servo/figures/servo-bb.png used on input line 119.
(pdftex.def)             Requested size: 357.73405pt x 253.51628pt.

</Users/kannan/FOSS/scilab-arduino/floss-arduino-clone/user-code/servo/figures/
servo-pot-bb.png, id=2389, 446.468pt x 286.671pt>
File: /Users/kannan/FOSS/scilab-arduino/floss-arduino-clone/user-code/servo/fig
ures/servo-pot-bb.png Graphic file (type png)

<use /Users/kannan/FOSS/scilab-arduino/floss-arduino-clone/user-code/servo/figu
res/servo-pot-bb.png>
Package pdftex.def Info: /Users/kannan/FOSS/scilab-arduino/floss-arduino-clone/
user-code/servo/figures/servo-pot-bb.png used on input line 133.
(pdftex.def)             Requested size: 357.73405pt x 229.70891pt.
 [91 </Users/kannan/FOSS/scilab-arduino/floss-arduino-clone/user-code/servo/fig
ures/servo-bb.png>]
(/Users/kannan/FOSS/scilab-arduino/floss-arduino-clone/user-code/servo/arduino/
servo-init/servo-init.ino)
(/Users/kannan/FOSS/scilab-arduino/floss-arduino-clone/user-code/servo/arduino/
servo-init/servo-init.ino)
(/Users/kannan/FOSS/scilab-arduino/floss-arduino-clone/user-code/servo/arduino/
servo-init/servo-init.ino)
(/Users/kannan/FOSS/scilab-arduino/floss-arduino-clone/user-code/servo/arduino/
servo-init/servo-init.ino) [92 </Users/kannan/FOSS/scilab-arduino/floss-arduino
-clone/user-code/servo/figures/servo-pot-bb.png>]
(/Users/kannan/FOSS/scilab-arduino/floss-arduino-clone/user-code/servo/arduino/
servo-reverse/servo-reverse.ino)
(/Users/kannan/FOSS/scilab-arduino/floss-arduino-clone/user-code/servo/arduino/
servo-pot/servo-pot.ino) [93]
(/Users/kannan/FOSS/scilab-arduino/floss-arduino-clone/user-code/servo/arduino/
servo-init/servo-init.ino) [94]
(/Users/kannan/FOSS/scilab-arduino/floss-arduino-clone/user-code/servo/arduino/
servo-reverse/servo-reverse.ino)
(/Users/kannan/FOSS/scilab-arduino/floss-arduino-clone/user-code/servo/arduino/
servo-loop/servo-loop.ino)
(/Users/kannan/FOSS/scilab-arduino/floss-arduino-clone/user-code/servo/arduino/
servo-pot/servo-pot.ino [95])) (./user-code/servo/servo-OM.tex
(/Users/kannan/FOSS/scilab-arduino/floss-arduino-clone/user-code/servo/OpenMode
lica/servo-init.mo)
(/Users/kannan/FOSS/scilab-arduino/floss-arduino-clone/user-code/servo/OpenMode
lica/servo-init.mo) [96]
(/Users/kannan/FOSS/scilab-arduino/floss-arduino-clone/user-code/servo/OpenMode
lica/servo-reverse.mo)
(/Users/kannan/FOSS/scilab-arduino/floss-arduino-clone/user-code/servo/OpenMode
lica/servo-pot.mo) [97]
(/Users/kannan/FOSS/scilab-arduino/floss-arduino-clone/user-code/servo/OpenMode
lica/servo-init.mo)
(/Users/kannan/FOSS/scilab-arduino/floss-arduino-clone/user-code/servo/OpenMode
lica/servo-reverse.mo [98])
(/Users/kannan/FOSS/scilab-arduino/floss-arduino-clone/user-code/servo/OpenMode
lica/servo-loop.mo [99])
(/Users/kannan/FOSS/scilab-arduino/floss-arduino-clone/user-code/servo/OpenMode
lica/servo-pot.mo [100])) (./user-code/dcmotor/dcmotor-base.tex [101] [102

]
Chapter 10.

</Users/kannan/FOSS/scilab-arduino/floss-arduino-clone/user-code/dcmotor/figure
s/dcmotor_board.png, id=2687, 247.92625pt x 232.87pt>
File: /Users/kannan/FOSS/scilab-arduino/floss-arduino-clone/user-code/dcmotor/f
igures/dcmotor_board.png Graphic file (type png)

<use /Users/kannan/FOSS/scilab-arduino/floss-arduino-clone/user-code/dcmotor/fi
gures/dcmotor_board.png>
Package pdftex.def Info: /Users/kannan/FOSS/scilab-arduino/floss-arduino-clone/
user-code/dcmotor/figures/dcmotor_board.png used on input line 68.
(pdftex.def)             Requested size: 258.36281pt x 242.69075pt.
 [103]
</Users/kannan/FOSS/scilab-arduino/floss-arduino-clone/user-code/dcmotor/figure
s/uno-pwm.jpg, id=2694, 426.8748pt x 319.9152pt>
File: /Users/kannan/FOSS/scilab-arduino/floss-arduino-clone/user-code/dcmotor/f
igures/uno-pwm.jpg Graphic file (type jpg)

<use /Users/kannan/FOSS/scilab-arduino/floss-arduino-clone/user-code/dcmotor/fi
gures/uno-pwm.jpg>
Package pdftex.def Info: /Users/kannan/FOSS/scilab-arduino/floss-arduino-clone/
user-code/dcmotor/figures/uno-pwm.jpg used on input line 94.
(pdftex.def)             Requested size: 258.36281pt x 193.63959pt.
 [104 </Users/kannan/FOSS/scilab-arduino/floss-arduino-clone/user-code/dcmotor/
figures/dcmotor_board.png>]
</Users/kannan/FOSS/scilab-arduino/floss-arduino-clone/user-code/dcmotor/figure
s/schematic.png, id=2705, 415.5525pt x 467.7475pt>
File: /Users/kannan/FOSS/scilab-arduino/floss-arduino-clone/user-code/dcmotor/f
igures/schematic.png Graphic file (type png)

<use /Users/kannan/FOSS/scilab-arduino/floss-arduino-clone/user-code/dcmotor/fi
gures/schematic.png>
Package pdftex.def Info: /Users/kannan/FOSS/scilab-arduino/floss-arduino-clone/
user-code/dcmotor/figures/schematic.png used on input line 117.
(pdftex.def)             Requested size: 178.86702pt x 201.33447pt.

</Users/kannan/FOSS/scilab-arduino/floss-arduino-clone/user-code/dcmotor/figure
s/dc_motor_description.jpg, id=2706, 2469.97781pt x 1973.12157pt>
File: /Users/kannan/FOSS/scilab-arduino/floss-arduino-clone/user-code/dcmotor/f
igures/dc_motor_description.jpg Graphic file (type jpg)

<use /Users/kannan/FOSS/scilab-arduino/floss-arduino-clone/user-code/dcmotor/fi
gures/dc_motor_description.jpg>
Package pdftex.def Info: /Users/kannan/FOSS/scilab-arduino/floss-arduino-clone/
user-code/dcmotor/figures/dc_motor_description.jpg used on input line 123.
(pdftex.def)             Requested size: 258.36281pt x 206.38603pt.
 [105 </Users/kannan/FOSS/scilab-arduino/floss-arduino-clone/user-code/dcmotor/
figures/uno-pwm.jpg> </Users/kannan/FOSS/scilab-arduino/floss-arduino-clone/use
r-code/dcmotor/figures/schematic.png>]
(/Users/kannan/FOSS/scilab-arduino/floss-arduino-clone/user-code/dcmotor/arduin
o/dcmotor-clock/dcmotor-clock.ino) [106 </Users/kannan/FOSS/scilab-arduino/flos
s-arduino-clone/user-code/dcmotor/figures/dc_motor_description.jpg>]
(/Users/kannan/FOSS/scilab-arduino/floss-arduino-clone/user-code/dcmotor/arduin
o/dcmotor-clock/dcmotor-clock.ino)
(/Users/kannan/FOSS/scilab-arduino/floss-arduino-clone/user-code/dcmotor/arduin
o/dcmotor-clock/dcmotor-clock.ino)
(/Users/kannan/FOSS/scilab-arduino/floss-arduino-clone/user-code/dcmotor/arduin
o/dcmotor-both/dcmotor-both.ino)
(/Users/kannan/FOSS/scilab-arduino/floss-arduino-clone/user-code/dcmotor/arduin
o/dcmotor-both/dcmotor-both.ino) [107]
(/Users/kannan/FOSS/scilab-arduino/floss-arduino-clone/user-code/dcmotor/arduin
o/dcmotor-clock/dcmotor-clock.ino)
(/Users/kannan/FOSS/scilab-arduino/floss-arduino-clone/user-code/dcmotor/arduin
o/dcmotor-both/dcmotor-both.ino [108])
(/Users/kannan/FOSS/scilab-arduino/floss-arduino-clone/user-code/dcmotor/arduin
o/dcmotor-loop/dcmotor-loop.ino)) (./user-code/dcmotor/dcmotor-OM.tex [109]

LaTeX Warning: Reference `table:convention' on page 110 undefined on input line
 32.


(/Users/kannan/FOSS/scilab-arduino/floss-arduino-clone/user-code/dcmotor/OpenMo
delica/dcmotor-clock.mo)
(/Users/kannan/FOSS/scilab-arduino/floss-arduino-clone/user-code/dcmotor/OpenMo
delica/dcmotor-clock.mo)
(/Users/kannan/FOSS/scilab-arduino/floss-arduino-clone/user-code/dcmotor/OpenMo
delica/dcmotor-clock.mo) [110]
(/Users/kannan/FOSS/scilab-arduino/floss-arduino-clone/user-code/dcmotor/OpenMo
delica/dcmotor-clock.mo)
(/Users/kannan/FOSS/scilab-arduino/floss-arduino-clone/user-code/dcmotor/OpenMo
delica/dcmotor-both.mo)
(/Users/kannan/FOSS/scilab-arduino/floss-arduino-clone/user-code/dcmotor/OpenMo
delica/dcmotor-both.mo) [111]
(/Users/kannan/FOSS/scilab-arduino/floss-arduino-clone/user-code/dcmotor/OpenMo
delica/dcmotor-clock.mo)
(/Users/kannan/FOSS/scilab-arduino/floss-arduino-clone/user-code/dcmotor/OpenMo
delica/dcmotor-both.mo [112])
(/Users/kannan/FOSS/scilab-arduino/floss-arduino-clone/user-code/dcmotor/OpenMo
delica/dcmotor-loop.mo [113])) (./user-code/modbus/modbus-base.tex [114]
Chapter 11.
[115

]
</Users/kannan/FOSS/scilab-arduino/floss-arduino-clone/user-code/modbus/figures
/fig1.png, id=2974, 672.5125pt x 224.84pt>
File: /Users/kannan/FOSS/scilab-arduino/floss-arduino-clone/user-code/modbus/fi
gures/fig1.png Graphic file (type png)

<use /Users/kannan/FOSS/scilab-arduino/floss-arduino-clone/user-code/modbus/fig
ures/fig1.png>
Package pdftex.def Info: /Users/kannan/FOSS/scilab-arduino/floss-arduino-clone/
user-code/modbus/figures/fig1.png used on input line 66.
(pdftex.def)             Requested size: 357.73405pt x 119.60033pt.

</Users/kannan/FOSS/scilab-arduino/floss-arduino-clone/user-code/modbus/figures
/fig2.png, id=2975, 360.34625pt x 375.4025pt>
File: /Users/kannan/FOSS/scilab-arduino/floss-arduino-clone/user-code/modbus/fi
gures/fig2.png Graphic file (type png)

<use /Users/kannan/FOSS/scilab-arduino/floss-arduino-clone/user-code/modbus/fig
ures/fig2.png>
Package pdftex.def Info: /Users/kannan/FOSS/scilab-arduino/floss-arduino-clone/
user-code/modbus/figures/fig2.png used on input line 74.
(pdftex.def)             Requested size: 178.86702pt x 186.33748pt.
 [116 </Users/kannan/FOSS/scilab-arduino/floss-arduino-clone/user-code/modbus/f
igures/fig1.png (PNG copy)> </Users/kannan/FOSS/scilab-arduino/floss-arduino-cl
one/user-code/modbus/figures/fig2.png (PNG copy)>]
</Users/kannan/FOSS/scilab-arduino/floss-arduino-clone/user-code/modbus/figures
/fig3.png, id=2983, 481.04718pt x 214.55156pt>
File: /Users/kannan/FOSS/scilab-arduino/floss-arduino-clone/user-code/modbus/fi
gures/fig3.png Graphic file (type png)

<use /Users/kannan/FOSS/scilab-arduino/floss-arduino-clone/user-code/modbus/fig
ures/fig3.png>
Package pdftex.def Info: /Users/kannan/FOSS/scilab-arduino/floss-arduino-clone/
user-code/modbus/figures/fig3.png used on input line 122.
(pdftex.def)             Requested size: 357.73405pt x 159.55464pt.
 [117 </Users/kannan/FOSS/scilab-arduino/floss-arduino-clone/user-code/modbus/f
igures/fig3.png (PNG copy)>] [118] [119] [120] [121]
</Users/kannan/FOSS/scilab-arduino/floss-arduino-clone/user-code/modbus/figures
/block-diagram.PNG, id=3032, 398.23781pt x 255.95625pt>
File: /Users/kannan/FOSS/scilab-arduino/floss-arduino-clone/user-code/modbus/fi
gures/block-diagram.PNG Graphic file (type png)

<use /Users/kannan/FOSS/scilab-arduino/floss-arduino-clone/user-code/modbus/fig
ures/block-diagram.PNG>
Package pdftex.def Info: /Users/kannan/FOSS/scilab-arduino/floss-arduino-clone/
user-code/modbus/figures/block-diagram.PNG used on input line 421.
(pdftex.def)             Requested size: 258.36281pt x 166.06104pt.

</Users/kannan/FOSS/scilab-arduino/floss-arduino-clone/user-code/modbus/figures
/Full-Set-Up.png, id=3033, 722.7pt x 542.025pt>
File: /Users/kannan/FOSS/scilab-arduino/floss-arduino-clone/user-code/modbus/fi
gures/Full-Set-Up.png Graphic file (type png)

<use /Users/kannan/FOSS/scilab-arduino/floss-arduino-clone/user-code/modbus/fig
ures/Full-Set-Up.png>
Package pdftex.def Info: /Users/kannan/FOSS/scilab-arduino/floss-arduino-clone/
user-code/modbus/figures/Full-Set-Up.png used on input line 428.
(pdftex.def)             Requested size: 258.36281pt x 193.77246pt.
 [122 </Users/kannan/FOSS/scilab-arduino/floss-arduino-clone/user-code/modbus/f
igures/block-diagram.PNG>])
(./user-code/modbus/modbus-OM.tex [123 </Users/kannan/FOSS/scilab-arduino/floss
-arduino-clone/user-code/modbus/figures/Full-Set-Up.png>]
</Users/kannan/FOSS/scilab-arduino/floss-arduino-clone/user-code/modbus/figures
/arduino_code_flowchart.png, id=3056, 327.2225pt x 480.79625pt>
File: /Users/kannan/FOSS/scilab-arduino/floss-arduino-clone/user-code/modbus/fi
gures/arduino_code_flowchart.png Graphic file (type png)

<use /Users/kannan/FOSS/scilab-arduino/floss-arduino-clone/user-code/modbus/fig
ures/arduino_code_flowchart.png>
Package pdftex.def Info: /Users/kannan/FOSS/scilab-arduino/floss-arduino-clone/
user-code/modbus/figures/arduino_code_flowchart.png used on input line 35.
(pdftex.def)             Requested size: 258.36281pt x 379.61945pt.
 [124]
</Users/kannan/FOSS/scilab-arduino/floss-arduino-clone/user-code/modbus/figures
/flowchart.png, id=3069, 482.55281pt x 362.10281pt>
File: /Users/kannan/FOSS/scilab-arduino/floss-arduino-clone/user-code/modbus/fi
gures/flowchart.png Graphic file (type png)

<use /Users/kannan/FOSS/scilab-arduino/floss-arduino-clone/user-code/modbus/fig
ures/flowchart.png>
Package pdftex.def Info: /Users/kannan/FOSS/scilab-arduino/floss-arduino-clone/
user-code/modbus/figures/flowchart.png used on input line 61.
(pdftex.def)             Requested size: 357.73405pt x 268.44914pt.
 [125 </Users/kannan/FOSS/scilab-arduino/floss-arduino-clone/user-code/modbus/f
igures/arduino_code_flowchart.png>]
(/Users/kannan/FOSS/scilab-arduino/floss-arduino-clone/user-code/modbus/arduino
/send_packet.ino [126 </Users/kannan/FOSS/scilab-arduino/floss-arduino-clone/us
er-code/modbus/figures/flowchart.png (PNG copy)>])
(/Users/kannan/FOSS/scilab-arduino/floss-arduino-clone/user-code/modbus/OpenMod
elica/readCurrent.mo)
(/Users/kannan/FOSS/scilab-arduino/floss-arduino-clone/user-code/modbus/OpenMod
elica/readVoltage.mo) [127]
(/Users/kannan/FOSS/scilab-arduino/floss-arduino-clone/user-code/modbus/OpenMod
elica/readPower.mo)) (./floss-arduino.bbl [128]
Underfull \hbox (badness 10000) in paragraph at lines 4--9
[]\T1/cmr/m/n/10.95 T. Mar-tin.  Use of scilab for space mis-sion anal-y-sis.
 []


Underfull \hbox (badness 10000) in paragraph at lines 4--9
\T1/cmr/m/n/10.95 https://www.scilab.org/community/scilabtec/2009/Use-of-Scilab
-for-space-
 []


Overfull \hbox (19.10986pt too wide) in paragraph at lines 28--31
[]\T1/cmr/m/n/10.95 Arduino uno.  https://www.arduino.cc/en/uploads/Main/Arduin
oUnoFront240.jpg.
 []


Overfull \hbox (13.0502pt too wide) in paragraph at lines 33--37
[]\T1/cmr/m/n/10.95 Arduino mega.  https://www.arduino.cc/en/uploads/Main/Ardui
noMega2560_R3
 []


Overfull \hbox (15.39987pt too wide) in paragraph at lines 49--53
[]\T1/cmr/m/n/10.95 Candy sort-ing ma-chine.  http://beta.ivc.no/wiki/index.php
/Skittles_M%26M%27s
 []

[129

]
Overfull \hbox (34.60225pt too wide) in paragraph at lines 75--78
[]\T1/cmr/m/n/10.95 Secrets of ar-duino pwm.  https://www.arduino.cc/en/Tutoria
l/SecretsOfArduinoPWM.
 []


Underfull \hbox (badness 10000) in paragraph at lines 108--111
[]\T1/cmr/m/n/10.95 Floating point con-verter.  https://www.h-
 []

)
\tf@thm=\write11
\openout11 = `floss-arduino.thm'.

Package atveryend Info: Empty hook `BeforeClearDocument' on input line 264.
 [130]
Package atveryend Info: Empty hook `AfterLastShipout' on input line 264.
 (./floss-arduino.aux)
Package atveryend Info: Executing hook `AtVeryEndDocument' on input line 264.
Package atveryend Info: Executing hook `AtEndAfterFileList' on input line 264.
Package rerunfilecheck Info: File `floss-arduino.out' has not changed.
(rerunfilecheck)             Checksum: C7C5AC83A9F1A787E4D7CFFFC10B9466;7751.


LaTeX Warning: There were undefined references.


LaTeX Warning: There were multiply-defined labels.

Package atveryend Info: Empty hook `AtVeryVeryEnd' on input line 264.
 ) 
Here is how much of TeX's memory you used:
 13081 strings out of 492995
 231771 string characters out of 6132705
 533402 words of memory out of 5000000
 14376 multiletter control sequences out of 15000+600000
 23574 words of font info for 53 fonts, out of 8000000 for 9000
 1143 hyphenation exceptions out of 8191
 44i,12n,59p,799b,797s stack positions out of 5000i,500n,10000p,200000b,80000s
{/usr/local/texlive/2017/texmf-dist/fonts/enc/dvips/cm-super/cm-super-t1.enc}
{/usr/local/texlive/2017/texmf-dist/fonts/enc/dvips/base/8r.enc}</usr/local/tex
live/2017/texmf-dist/fonts/type1/public/amsfonts/cm/cmmi10.pfb></usr/local/texl
ive/2017/texmf-dist/fonts/type1/public/amsfonts/cm/cmr10.pfb></usr/local/texliv
e/2017/texmf-dist/fonts/type1/public/amsfonts/cm/cmr8.pfb></usr/local/texlive/2
017/texmf-dist/fonts/type1/public/amsfonts/cm/cmr9.pfb></usr/local/texlive/2017
/texmf-dist/fonts/type1/public/amsfonts/cm/cmsy10.pfb></usr/local/texlive/2017/
texmf-dist/fonts/type1/public/amsfonts/cm/cmsy6.pfb></usr/local/texlive/2017/te
xmf-dist/fonts/type1/public/amsfonts/cm/cmsy8.pfb></usr/local/texlive/2017/texm
f-dist/fonts/type1/public/amsfonts/cm/cmsy9.pfb></usr/local/texlive/2017/texmf-
dist/fonts/type1/public/bera/fvmr8a.pfb></usr/local/texlive/2017/texmf-dist/fon
ts/type1/public/cm-super/sfbx0900.pfb></usr/local/texlive/2017/texmf-dist/fonts
/type1/public/cm-super/sfbx1095.pfb></usr/local/texlive/2017/texmf-dist/fonts/t
ype1/public/cm-super/sfbx1200.pfb></usr/local/texlive/2017/texmf-dist/fonts/typ
e1/public/cm-super/sfbx1440.pfb></usr/local/texlive/2017/texmf-dist/fonts/type1
/public/cm-super/sfbx2074.pfb></usr/local/texlive/2017/texmf-dist/fonts/type1/p
ublic/cm-super/sfbx2488.pfb></usr/local/texlive/2017/texmf-dist/fonts/type1/pub
lic/cm-super/sfrm0600.pfb></usr/local/texlive/2017/texmf-dist/fonts/type1/publi
c/cm-super/sfrm0800.pfb></usr/local/texlive/2017/texmf-dist/fonts/type1/public/
cm-super/sfrm0900.pfb></usr/local/texlive/2017/texmf-dist/fonts/type1/public/cm
-super/sfrm1095.pfb></usr/local/texlive/2017/texmf-dist/fonts/type1/public/cm-s
uper/sfsi1095.pfb></usr/local/texlive/2017/texmf-dist/fonts/type1/public/cm-sup
er/sfss1095.pfb></usr/local/texlive/2017/texmf-dist/fonts/type1/public/cm-super
/sfti1095.pfb>
Output written on floss-arduino.pdf (144 pages, 26510847 bytes).
PDF statistics:
 3570 PDF objects out of 3580 (max. 8388607)
 3259 compressed objects within 33 object streams
 1677 named destinations out of 1728 (max. 500000)
 1148 words of extra memory for PDF output out of 10000 (max. 10000000)

